2024-12-31 00:00:39 [ERROR]: => "/api/v1/auth/sign-up" use method: "POST", unexprected error:
2024-12-31 00:00:39 [INFO]: ::1 - - [30/Dec/2024:17:00:39 +0000] "POST /api/v1/auth/sign-up HTTP/1.1" 500 124 "-" "PostmanRuntime/7.43.0"
2024-12-31 00:01:25 [INFO]: Successfully connected to the database...
2024-12-31 00:01:25 [INFO]: Server is running on port 3000...
2024-12-31 00:03:27 [INFO]: Successfully connected to the database...
2024-12-31 00:03:27 [INFO]: Server is running on port 3000...
2024-12-31 00:03:29 [ERROR]: => "/api/v1/auth/sign-up" use method: "POST", unexprected error:
2024-12-31 00:03:29 [INFO]: ::1 - - [30/Dec/2024:17:03:29 +0000] "POST /api/v1/auth/sign-up HTTP/1.1" 500 130 "-" "PostmanRuntime/7.43.0"
2024-12-31 00:06:30 [INFO]: Successfully connected to the database...
2024-12-31 00:06:30 [INFO]: Server is running on port 3000...
2024-12-31 00:07:35 [INFO]: Successfully connected to the database...
2024-12-31 00:07:35 [INFO]: Server is running on port 3000...
2024-12-31 00:07:37 [ERROR]: => "/api/v1/auth/sign-up" use method: "POST", unexprected error:
2024-12-31 00:07:37 [INFO]: ::1 - - [30/Dec/2024:17:07:37 +0000] "POST /api/v1/auth/sign-up HTTP/1.1" 500 130 "-" "PostmanRuntime/7.43.0"
2024-12-31 00:07:55 [INFO]: Successfully connected to the database...
2024-12-31 00:07:55 [INFO]: Server is running on port 3000...
2024-12-31 00:08:06 [INFO]: [AUTH] Generated OTP: 215327 for user ngodingin.indonesia@gmail.com
2024-12-31 00:08:09 [INFO]: [MAILER] Email sent: <29c617da-b430-14fb-dd2e-d4c78c38fd0a@ngodingin.org>
2024-12-31 00:08:09 [INFO]: ::1 - - [30/Dec/2024:17:08:09 +0000] "POST /api/v1/auth/sign-up HTTP/1.1" 201 443 "-" "PostmanRuntime/7.43.0"
2024-12-31 00:08:23 [INFO]: ::1 - - [30/Dec/2024:17:08:23 +0000] "PATCH /api/v1/auth/setup-pin HTTP/1.1" 200 990 "-" "PostmanRuntime/7.43.0"
2024-12-31 00:09:01 [INFO]: ::1 - - [30/Dec/2024:17:09:01 +0000] "PATCH /api/v1/auth/setup-pin HTTP/1.1" 202 990 "-" "PostmanRuntime/7.43.0"
2024-12-31 00:09:03 [INFO]: ::1 - - [30/Dec/2024:17:09:03 +0000] "PATCH /api/v1/auth/setup-pin HTTP/1.1" 202 990 "-" "PostmanRuntime/7.43.0"
2024-12-31 00:09:17 [INFO]: ::1 - - [30/Dec/2024:17:09:17 +0000] "PATCH /api/v1/auth/setup-pin HTTP/1.1" 202 990 "-" "PostmanRuntime/7.43.0"
2024-12-31 00:09:25 [INFO]: ::1 - - [30/Dec/2024:17:09:25 +0000] "PATCH /api/v1/auth/setup-pin HTTP/1.1" 202 990 "-" "PostmanRuntime/7.43.0"
2024-12-31 00:09:51 [INFO]: Successfully connected to the database...
2024-12-31 00:09:51 [INFO]: Server is running on port 3000...
2024-12-31 00:09:52 [INFO]: ::1 - - [30/Dec/2024:17:09:52 +0000] "PATCH /api/v1/auth/setup-pin HTTP/1.1" 202 990 "-" "PostmanRuntime/7.43.0"
2024-12-31 00:10:17 [INFO]: Successfully connected to the database...
2024-12-31 00:10:17 [INFO]: Server is running on port 3000...
2024-12-31 00:10:18 [INFO]: ::1 - - [30/Dec/2024:17:10:18 +0000] "PATCH /api/v1/auth/setup-pin HTTP/1.1" 202 990 "-" "PostmanRuntime/7.43.0"
2024-12-31 00:10:46 [INFO]: ::1 - - [30/Dec/2024:17:10:46 +0000] "PATCH /api/v1/auth/setup-pin HTTP/1.1" 202 990 "-" "PostmanRuntime/7.43.0"
2024-12-31 00:11:09 [INFO]: Successfully connected to the database...
2024-12-31 00:11:09 [INFO]: Server is running on port 3000...
2024-12-31 00:12:05 [INFO]: Successfully connected to the database...
2024-12-31 00:12:05 [INFO]: Server is running on port 3000...
2024-12-31 00:15:02 [INFO]: Successfully connected to the database...
2024-12-31 00:15:02 [INFO]: Server is running on port 3000...
2024-12-31 00:15:03 [ERROR]: => "/api/v1/auth/setup-pin" use method: "PATCH", unexprected error:
2024-12-31 00:15:03 [INFO]: ::1 - - [30/Dec/2024:17:15:03 +0000] "PATCH /api/v1/auth/setup-pin HTTP/1.1" 500 96 "-" "PostmanRuntime/7.43.0"
2024-12-31 00:15:37 [INFO]: Successfully connected to the database...
2024-12-31 00:15:37 [INFO]: Server is running on port 3000...
2024-12-31 00:15:38 [ERROR]: => "/api/v1/auth/setup-pin" use method: "PATCH", unexprected error:
2024-12-31 00:15:38 [INFO]: ::1 - - [30/Dec/2024:17:15:38 +0000] "PATCH /api/v1/auth/setup-pin HTTP/1.1" 400 72 "-" "PostmanRuntime/7.43.0"
2024-12-31 00:15:48 [ERROR]: => "/api/v1/auth/setup-pin" use method: "PATCH", unexprected error:
2024-12-31 00:15:48 [INFO]: ::1 - - [30/Dec/2024:17:15:48 +0000] "PATCH /api/v1/auth/setup-pin HTTP/1.1" 400 72 "-" "PostmanRuntime/7.43.0"
2024-12-31 00:15:49 [ERROR]: => "/api/v1/auth/setup-pin" use method: "PATCH", unexprected error:
2024-12-31 00:15:49 [INFO]: ::1 - - [30/Dec/2024:17:15:49 +0000] "PATCH /api/v1/auth/setup-pin HTTP/1.1" 400 72 "-" "PostmanRuntime/7.43.0"
2024-12-31 00:16:36 [INFO]: Successfully connected to the database...
2024-12-31 00:16:36 [INFO]: Server is running on port 3000...
2024-12-31 00:16:38 [INFO]: ::1 - - [30/Dec/2024:17:16:38 +0000] "POST /api/v1/auth/sign-in HTTP/1.1" 200 964 "-" "PostmanRuntime/7.43.0"
2024-12-31 16:02:41 [ERROR]: => "/api/v1/auth/forgot-password" use method: "POST", unexprected error:
2024-12-31 16:02:41 [INFO]: ::1 - - [31/Dec/2024:09:02:41 +0000] "POST /api/v1/auth/forgot-password HTTP/1.1" 401 68 "-" "PostmanRuntime/7.43.0"
2024-12-31 18:44:22 [INFO]: ::1 - - [31/Dec/2024:11:44:22 +0000] "PATCH /api/v1/auth/setup-pin HTTP/1.1" 202 990 "-" "PostmanRuntime/7.43.0"
2024-12-31 18:45:33 [INFO]: ::1 - - [31/Dec/2024:11:45:33 +0000] "PATCH /api/v1/auth/setup-pin HTTP/1.1" 200 990 "-" "PostmanRuntime/7.43.0"
2024-12-31 18:45:56 [ERROR]: => "/api/v1/auth/setup-pin" use method: "PATCH", unexprected error:
2024-12-31 18:45:56 [INFO]: ::1 - - [31/Dec/2024:11:45:56 +0000] "PATCH /api/v1/auth/setup-pin HTTP/1.1" 500 144 "-" "PostmanRuntime/7.43.0"
2024-12-31 18:46:01 [INFO]: ::1 - - [31/Dec/2024:11:46:01 +0000] "PATCH /api/v1/auth/setup-pin HTTP/1.1" 400 134 "-" "PostmanRuntime/7.43.0"
2024-12-31 18:46:35 [ERROR]: => "/api/v1/auth/forgot-password" use method: "POST", unexprected error:
2024-12-31 18:46:35 [INFO]: ::1 - - [31/Dec/2024:11:46:35 +0000] "POST /api/v1/auth/forgot-password HTTP/1.1" 401 68 "-" "PostmanRuntime/7.43.0"
2024-12-31 18:47:12 [INFO]: Successfully connected to the database...
2024-12-31 18:47:12 [INFO]: Server is running on port 3000...
2024-12-31 18:47:13 [ERROR]: => "/api/v1/auth/forgot-password" use method: "POST", unexprected error:
2024-12-31 18:47:13 [INFO]: ::1 - - [31/Dec/2024:11:47:13 +0000] "POST /api/v1/auth/forgot-password HTTP/1.1" 401 78 "-" "PostmanRuntime/7.43.0"
2024-12-31 18:47:42 [INFO]: Successfully connected to the database...
2024-12-31 18:47:42 [INFO]: Server is running on port 3000...
2024-12-31 18:47:43 [INFO]: ::1 - - [31/Dec/2024:11:47:43 +0000] "POST /api/v1/auth/forgot-password HTTP/1.1" 404 167 "-" "PostmanRuntime/7.43.0"
2024-12-31 19:30:30 [INFO]: Successfully connected to the database...
2024-12-31 19:30:30 [INFO]: Server is running on port 3000...
2024-12-31 19:39:37 [INFO]: Successfully connected to the database...
2024-12-31 19:39:37 [INFO]: Server is running on port 3000...
2024-12-31 19:39:48 [INFO]: ::1 - - [31/Dec/2024:12:39:48 +0000] "POST /api/v1/auth/forgot-password HTTP/1.1" 404 167 "-" "PostmanRuntime/7.43.0"
2024-12-31 19:40:14 [INFO]: Successfully connected to the database...
2024-12-31 19:40:14 [INFO]: Server is running on port 3000...
2024-12-31 20:37:53 [INFO]: ::1 - - [31/Dec/2024:13:37:53 +0000] "POST /api/v1/auth/forgot-password HTTP/1.1" 400 183 "-" "PostmanRuntime/7.43.0"
2024-12-31 20:39:41 [INFO]: Successfully connected to the database...
2024-12-31 20:39:41 [INFO]: Server is running on port 3000...
2024-12-31 20:39:44 [INFO]: [AUTH] Generated OTP: 919327 for user mahendradwipurwanto@gmail.com
2024-12-31 20:39:47 [INFO]: [MAILER] Email sent: <29086701-0608-1c38-7f60-7b98bdb5cf28@ngodingin.org>
2024-12-31 20:39:47 [INFO]: ::1 - - [31/Dec/2024:13:39:47 +0000] "POST /api/v1/auth/forgot-password HTTP/1.1" 200 441 "-" "PostmanRuntime/7.43.0"
2024-12-31 21:35:51 [ERROR]: => "/api/v1/auth/verify-otp" use method: "POST", unexprected error:
2024-12-31 21:35:51 [INFO]: ::1 - - [31/Dec/2024:14:35:51 +0000] "POST /api/v1/auth/verify-otp HTTP/1.1" 401 95 "-" "PostmanRuntime/7.43.0"
2024-12-31 21:36:11 [INFO]: Successfully connected to the database...
2024-12-31 21:36:11 [INFO]: Server is running on port 3000...
2024-12-31 22:53:59 [INFO]: Successfully connected to the database...
2024-12-31 22:53:59 [INFO]: Server is running on port 3000...
2024-12-31 22:54:40 [INFO]: Successfully connected to the database...
2024-12-31 22:54:40 [INFO]: Server is running on port 3000...
2024-12-31 22:54:43 [ERROR]: => "/api/v1/auth/verify-otp" use method: "POST", unexprected error:
2024-12-31 22:54:43 [INFO]: ::1 - - [31/Dec/2024:15:54:43 +0000] "POST /api/v1/auth/verify-otp HTTP/1.1" 401 71 "-" "PostmanRuntime/7.43.0"
2024-12-31 22:55:25 [ERROR]: => "/api/v1/auth/verify-otp" use method: "POST", unexprected error:
2024-12-31 22:55:25 [INFO]: ::1 - - [31/Dec/2024:15:55:25 +0000] "POST /api/v1/auth/verify-otp HTTP/1.1" 401 71 "-" "PostmanRuntime/7.43.0"
2024-12-31 23:35:09 [INFO]: Successfully connected to the database...
2024-12-31 23:35:09 [INFO]: Server is running on port 3000...
2024-12-31 23:35:17 [ERROR]: => "/api/v1/auth/verify-otp" use method: "POST", unexprected error:
2024-12-31 23:35:17 [INFO]: ::1 - - [31/Dec/2024:16:35:17 +0000] "POST /api/v1/auth/verify-otp HTTP/1.1" 401 71 "-" "PostmanRuntime/7.43.0"
2024-12-31 23:36:08 [INFO]: [AUTH] Generated OTP: 189926 for user mahendradwipurwanto@gmail.com
2024-12-31 23:36:16 [INFO]: [MAILER] Email sent: <47ca216b-bd1a-f2cc-26c2-002090e88bce@ngodingin.org>
2024-12-31 23:36:16 [INFO]: ::1 - - [31/Dec/2024:16:36:16 +0000] "POST /api/v1/auth/forgot-password HTTP/1.1" 200 441 "-" "PostmanRuntime/7.43.0"
2024-12-31 23:43:51 [INFO]: [AUTH] Generated OTP: 288689 for user mahendradwipurwanto@gmail.com
2024-12-31 23:43:54 [INFO]: [MAILER] Email sent: <72fe618b-9331-bfcc-0fd2-5c7fe8ac9b83@ngodingin.org>
2024-12-31 23:43:54 [INFO]: ::1 - - [31/Dec/2024:16:43:54 +0000] "POST /api/v1/auth/forgot-password HTTP/1.1" 200 441 "-" "PostmanRuntime/7.43.0"
2024-12-31 23:44:34 [INFO]: Successfully connected to the database...
2024-12-31 23:44:34 [INFO]: Server is running on port 3000...
2024-12-31 23:44:52 [INFO]: [AUTH] Generated OTP: 328082 for user mahendradwipurwanto@gmail.com
2024-12-31 23:44:54 [INFO]: [MAILER] Email sent: <2358c472-c899-ac93-5c29-1d61e542ea8b@ngodingin.org>
2024-12-31 23:44:54 [INFO]: ::1 - - [31/Dec/2024:16:44:54 +0000] "POST /api/v1/auth/forgot-password HTTP/1.1" 200 441 "-" "PostmanRuntime/7.43.0"
2024-12-31 23:46:02 [INFO]: Successfully connected to the database...
2024-12-31 23:46:02 [INFO]: Server is running on port 3000...
2024-12-31 23:46:08 [INFO]: [AUTH] Generated OTP: 279958 for user mahendradwipurwanto@gmail.com
2024-12-31 23:46:11 [INFO]: [MAILER] Email sent: <a6dc1309-6d07-08ae-a663-d1e0f6ffa0a4@ngodingin.org>
2024-12-31 23:46:11 [INFO]: ::1 - - [31/Dec/2024:16:46:11 +0000] "POST /api/v1/auth/forgot-password HTTP/1.1" 200 441 "-" "PostmanRuntime/7.43.0"
2024-12-31 23:47:41 [INFO]: Successfully connected to the database...
2024-12-31 23:47:41 [INFO]: Server is running on port 3000...
2024-12-31 23:47:47 [INFO]: [AUTH] Generated OTP: 197039 for user mahendradwipurwanto@gmail.com
2024-12-31 23:47:50 [INFO]: [MAILER] Email sent: <231a4086-b6c0-b1ec-da0c-550af75083e1@ngodingin.org>
2024-12-31 23:47:50 [INFO]: ::1 - - [31/Dec/2024:16:47:50 +0000] "POST /api/v1/auth/forgot-password HTTP/1.1" 200 441 "-" "PostmanRuntime/7.43.0"
2024-12-31 23:52:08 [INFO]: Successfully connected to the database...
2024-12-31 23:52:08 [INFO]: Server is running on port 3000...
2024-12-31 23:56:15 [INFO]: Successfully connected to the database...
2024-12-31 23:56:15 [INFO]: Server is running on port 3000...
2024-12-31 23:56:21 [INFO]: ::1 - - [31/Dec/2024:16:56:21 +0000] "POST /api/v1/auth/verify-otp HTTP/1.1" 200 1336 "-" "PostmanRuntime/7.43.0"
2024-12-31 23:57:06 [INFO]: Successfully connected to the database...
2024-12-31 23:57:06 [INFO]: Server is running on port 3000...
2024-12-31 23:57:11 [INFO]: ::1 - - [31/Dec/2024:16:57:11 +0000] "POST /api/v1/auth/verify-otp HTTP/1.1" 200 1336 "-" "PostmanRuntime/7.43.0"
