2024-12-29 02:25:53 [ERROR]: Database connection failed: Entity metadata for User#role was not found. Check if you specified a correct entity object and if it's connected in the connection options.
2024-12-29 02:26:29 [ERROR]: Database connection failed: Entity metadata for User#role was not found. Check if you specified a correct entity object and if it's connected in the connection options.
2024-12-29 02:26:52 [ERROR]: Database connection failed: Entity metadata for User#role was not found. Check if you specified a correct entity object and if it's connected in the connection options.
2024-12-29 02:27:11 [INFO]: Successfully connected to the database...
2024-12-29 02:27:11 [INFO]: Server is running on port 3000...
2024-12-29 02:27:33 [INFO]: ::1 - - [28/Dec/2024:19:27:33 +0000] "POST /api/v1/auth/sign-in HTTP/1.1" 400 122 "-" "PostmanRuntime/7.43.0"
2024-12-29 02:27:49 [INFO]: ::1 - - [28/Dec/2024:19:27:49 +0000] "POST /api/v1/auth/sign-in HTTP/1.1" 400 81 "-" "PostmanRuntime/7.43.0"
2024-12-29 02:28:01 [INFO]: ::1 - - [28/Dec/2024:19:28:01 +0000] "POST /api/v1/auth/sign-in HTTP/1.1" 500 108 "-" "PostmanRuntime/7.43.0"
2024-12-29 02:28:40 [INFO]: ::1 - - [28/Dec/2024:19:28:40 +0000] "POST /api/v1/auth/sign-in HTTP/1.1" 400 61 "-" "PostmanRuntime/7.43.0"
2024-12-29 02:29:02 [INFO]: Successfully connected to the database...
2024-12-29 02:29:02 [INFO]: Server is running on port 3000...
2024-12-29 02:29:04 [INFO]: ::1 - - [28/Dec/2024:19:29:04 +0000] "POST /api/v1/auth/sign-in HTTP/1.1" 400 105 "-" "PostmanRuntime/7.43.0"
2024-12-29 02:29:29 [INFO]: ::1 - - [28/Dec/2024:19:29:29 +0000] "POST /api/v1/auth/sign-in HTTP/1.1" 500 108 "-" "PostmanRuntime/7.43.0"
2024-12-29 02:30:15 [INFO]: Successfully connected to the database...
2024-12-29 02:30:15 [INFO]: Server is running on port 3000...
2024-12-29 02:30:16 [INFO]: ::1 - - [28/Dec/2024:19:30:16 +0000] "POST /api/v1/auth/sign-in HTTP/1.1" 404 99 "-" "PostmanRuntime/7.43.0"
2024-12-29 02:30:35 [INFO]: ::1 - - [28/Dec/2024:19:30:35 +0000] "POST /api/v1/auth/sign-up HTTP/1.1" 400 166 "-" "PostmanRuntime/7.43.0"
2024-12-29 02:31:20 [INFO]: Successfully connected to the database...
2024-12-29 02:31:20 [INFO]: Server is running on port 3000...
2024-12-29 02:31:24 [INFO]: ::1 - - [28/Dec/2024:19:31:24 +0000] "POST /api/v1/auth/sign-up HTTP/1.1" 400 166 "-" "PostmanRuntime/7.43.0"
2024-12-29 02:31:52 [INFO]: Successfully connected to the database...
2024-12-29 02:31:52 [INFO]: Server is running on port 3000...
2024-12-29 02:32:48 [INFO]: ::1 - - [28/Dec/2024:19:32:48 +0000] "POST /api/v1/auth/sign-up HTTP/1.1" 404 99 "-" "PostmanRuntime/7.43.0"
2024-12-29 02:33:29 [INFO]: Successfully connected to the database...
2024-12-29 02:33:29 [INFO]: Server is running on port 3000...
2024-12-29 02:33:35 [INFO]: Successfully connected to the database...
2024-12-29 02:33:35 [INFO]: Server is running on port 3000...
2024-12-29 02:33:38 [INFO]: ::1 - - [28/Dec/2024:19:33:38 +0000] "POST /api/v1/auth/sign-up HTTP/1.1" 500 127 "-" "PostmanRuntime/7.43.0"
2024-12-29 02:34:03 [INFO]: Successfully connected to the database...
2024-12-29 02:34:03 [INFO]: Server is running on port 3000...
2024-12-29 02:34:05 [INFO]: ::1 - - [28/Dec/2024:19:34:05 +0000] "POST /api/v1/auth/sign-up HTTP/1.1" 500 251 "-" "PostmanRuntime/7.43.0"
2024-12-29 02:34:54 [INFO]: Successfully connected to the database...
2024-12-29 02:34:54 [INFO]: Server is running on port 3000...
2024-12-29 02:34:55 [INFO]: ::1 - - [28/Dec/2024:19:34:55 +0000] "POST /api/v1/auth/sign-up HTTP/1.1" 500 251 "-" "PostmanRuntime/7.43.0"
2024-12-29 02:36:17 [INFO]: Successfully connected to the database...
2024-12-29 02:36:17 [INFO]: Server is running on port 3000...
2024-12-29 02:36:40 [INFO]: Successfully connected to the database...
2024-12-29 02:36:40 [INFO]: Server is running on port 3000...
2024-12-29 02:38:11 [INFO]: Successfully connected to the database...
2024-12-29 02:38:11 [INFO]: Server is running on port 3000...
2024-12-29 02:38:46 [INFO]: Successfully connected to the database...
2024-12-29 02:38:46 [INFO]: Server is running on port 3000...
2024-12-29 02:38:48 [INFO]: ::1 - - [28/Dec/2024:19:38:48 +0000] "POST /api/v1/auth/sign-up HTTP/1.1" 500 251 "-" "PostmanRuntime/7.43.0"
2024-12-29 02:39:54 [INFO]: Successfully connected to the database...
2024-12-29 02:39:54 [INFO]: Server is running on port 3000...
2024-12-29 02:39:57 [INFO]: ::1 - - [28/Dec/2024:19:39:57 +0000] "POST /api/v1/auth/sign-up HTTP/1.1" 500 251 "-" "PostmanRuntime/7.43.0"
2024-12-29 02:40:27 [INFO]: Successfully connected to the database...
2024-12-29 02:40:27 [INFO]: Server is running on port 3000...
2024-12-29 02:40:29 [INFO]: ::1 - - [28/Dec/2024:19:40:29 +0000] "POST /api/v1/auth/sign-up HTTP/1.1" 500 251 "-" "PostmanRuntime/7.43.0"
2024-12-29 02:40:44 [INFO]: Successfully connected to the database...
2024-12-29 02:40:44 [INFO]: Server is running on port 3000...
2024-12-29 02:41:47 [INFO]: Successfully connected to the database...
2024-12-29 02:41:47 [INFO]: Server is running on port 3000...
2024-12-29 02:41:48 [INFO]: ::1 - - [28/Dec/2024:19:41:48 +0000] "POST /api/v1/auth/sign-up HTTP/1.1" 500 243 "-" "PostmanRuntime/7.43.0"
2024-12-29 02:47:04 [INFO]: Successfully connected to the database...
2024-12-29 02:47:04 [INFO]: Server is running on port 3000...
2024-12-29 02:47:34 [INFO]: Successfully connected to the database...
2024-12-29 02:47:34 [INFO]: Server is running on port 3000...
2024-12-29 02:49:28 [INFO]: Successfully connected to the database...
2024-12-29 02:49:28 [INFO]: Server is running on port 3000...
2024-12-29 02:49:31 [INFO]: ::1 - - [28/Dec/2024:19:49:31 +0000] "POST /api/v1/auth/sign-up HTTP/1.1" 500 116 "-" "PostmanRuntime/7.43.0"
2024-12-29 02:50:11 [INFO]: Successfully connected to the database...
2024-12-29 02:50:11 [INFO]: Server is running on port 3000...
2024-12-29 02:50:12 [INFO]: ::1 - - [28/Dec/2024:19:50:12 +0000] "POST /api/v1/auth/sign-up HTTP/1.1" 500 116 "-" "PostmanRuntime/7.43.0"
2024-12-29 02:50:38 [INFO]: Successfully connected to the database...
2024-12-29 02:50:38 [INFO]: Server is running on port 3000...
2024-12-29 02:50:39 [INFO]: ::1 - - [28/Dec/2024:19:50:39 +0000] "POST /api/v1/auth/sign-up HTTP/1.1" 500 116 "-" "PostmanRuntime/7.43.0"
2024-12-29 02:51:37 [INFO]: Successfully connected to the database...
2024-12-29 02:51:37 [INFO]: Server is running on port 3000...
2024-12-29 02:51:38 [INFO]: ::1 - - [28/Dec/2024:19:51:38 +0000] "POST /api/v1/auth/sign-up HTTP/1.1" 500 121 "-" "PostmanRuntime/7.43.0"
2024-12-29 02:51:51 [INFO]: Successfully connected to the database...
2024-12-29 02:51:51 [INFO]: Server is running on port 3000...
2024-12-29 02:52:26 [INFO]: Successfully connected to the database...
2024-12-29 02:52:26 [INFO]: Server is running on port 3000...
2024-12-29 02:52:27 [INFO]: ::1 - - [28/Dec/2024:19:52:27 +0000] "POST /api/v1/auth/sign-up HTTP/1.1" 500 116 "-" "PostmanRuntime/7.43.0"
2024-12-29 02:54:19 [INFO]: Successfully connected to the database...
2024-12-29 02:54:19 [INFO]: Server is running on port 3000...
2024-12-29 02:54:20 [INFO]: ::1 - - [28/Dec/2024:19:54:20 +0000] "POST /api/v1/auth/sign-up HTTP/1.1" 500 116 "-" "PostmanRuntime/7.43.0"
2024-12-29 02:59:59 [INFO]: Successfully connected to the database...
2024-12-29 02:59:59 [INFO]: Server is running on port 3000...
2024-12-29 03:00:03 [INFO]: ::1 - - [28/Dec/2024:20:00:03 +0000] "POST /api/v1/auth/sign-up HTTP/1.1" 500 116 "-" "PostmanRuntime/7.43.0"
2024-12-29 03:00:21 [INFO]: Successfully connected to the database...
2024-12-29 03:00:21 [INFO]: Server is running on port 3000...
2024-12-29 03:00:22 [INFO]: ::1 - - [28/Dec/2024:20:00:22 +0000] "POST /api/v1/auth/sign-up HTTP/1.1" 500 66 "-" "PostmanRuntime/7.43.0"
2024-12-29 03:01:01 [INFO]: Successfully connected to the database...
2024-12-29 03:01:01 [INFO]: Server is running on port 3000...
2024-12-29 03:01:20 [INFO]: ::1 - - [28/Dec/2024:20:01:20 +0000] "POST /api/v1/auth/sign-up HTTP/1.1" 500 66 "-" "PostmanRuntime/7.43.0"
2024-12-29 03:01:51 [INFO]: Successfully connected to the database...
2024-12-29 03:01:51 [INFO]: Server is running on port 3000...
2024-12-29 03:01:54 [INFO]: ::1 - - [28/Dec/2024:20:01:54 +0000] "POST /api/v1/auth/sign-up HTTP/1.1" 500 66 "-" "PostmanRuntime/7.43.0"
2024-12-29 03:04:06 [INFO]: Successfully connected to the database...
2024-12-29 03:04:06 [INFO]: Server is running on port 3000...
2024-12-29 03:04:15 [INFO]: ::1 - - [28/Dec/2024:20:04:15 +0000] "POST /api/v1/auth/sign-up HTTP/1.1" 500 134 "-" "PostmanRuntime/7.43.0"
2024-12-29 03:06:25 [INFO]: Successfully connected to the database...
2024-12-29 03:06:25 [INFO]: Server is running on port 3000...
2024-12-29 03:09:27 [INFO]: Successfully connected to the database...
2024-12-29 03:09:27 [INFO]: Server is running on port 3000...
2024-12-29 03:09:44 [INFO]: ::1 - - [28/Dec/2024:20:09:44 +0000] "POST /api/v1/auth/sign-up HTTP/1.1" 500 300 "-" "PostmanRuntime/7.43.0"
2024-12-29 03:10:40 [INFO]: Successfully connected to the database...
2024-12-29 03:10:40 [INFO]: Server is running on port 3000...
2024-12-29 03:10:45 [INFO]: ::1 - - [28/Dec/2024:20:10:45 +0000] "POST /api/v1/auth/sign-up HTTP/1.1" 400 66 "-" "PostmanRuntime/7.43.0"
2024-12-29 03:11:42 [INFO]: [AUTH] Generated OTP: 190250 for user mahendradwipurwanto@gmail.com
2024-12-29 03:11:42 [ERROR]: [MAILER] Error sending email: SMTP configuration is missing in environment variables
2024-12-29 03:11:42 [INFO]: ::1 - - [28/Dec/2024:20:11:42 +0000] "POST /api/v1/auth/sign-up HTTP/1.1" 500 91 "-" "PostmanRuntime/7.43.0"
2024-12-29 03:17:29 [INFO]: Successfully connected to the database...
2024-12-29 03:17:29 [INFO]: Server is running on port 3000...
2024-12-29 03:19:13 [INFO]: Successfully connected to the database...
2024-12-29 03:19:13 [INFO]: Server is running on port 3000...
2024-12-29 03:19:15 [INFO]: [AUTH] Generated OTP: 703646 for user mahendradwipurwanto@gmail.com
2024-12-29 03:19:18 [INFO]: [MAILER] Email sent: <ad611f72-afe0-67ed-d9ce-423d017b0e14@ngodingin.org>
2024-12-29 03:19:18 [INFO]: ::1 - - [28/Dec/2024:20:19:18 +0000] "POST /api/v1/auth/sign-up HTTP/1.1" 201 432 "-" "PostmanRuntime/7.43.0"
2024-12-29 03:20:01 [INFO]: Successfully connected to the database...
2024-12-29 03:20:01 [INFO]: Server is running on port 3000...
2024-12-29 03:23:32 [INFO]: ::1 - - [28/Dec/2024:20:23:32 +0000] "POST /api/v1/auth/sign-up HTTP/1.1" 500 66 "-" "PostmanRuntime/7.43.0"
2024-12-29 03:23:48 [INFO]: [AUTH] Generated OTP: 468406 for user mahendradwipurwanto@gmail.com
2024-12-29 03:23:51 [INFO]: [MAILER] Email sent: <b1286b65-01d7-391d-4f3a-5a3f33fae8b9@ngodingin.org>
2024-12-29 03:23:51 [INFO]: ::1 - - [28/Dec/2024:20:23:51 +0000] "POST /api/v1/auth/sign-up HTTP/1.1" 201 432 "-" "PostmanRuntime/7.43.0"
2024-12-29 03:24:11 [INFO]: ::1 - - [28/Dec/2024:20:24:11 +0000] "POST /api/v1/auth/sign-in HTTP/1.1" 500 239 "-" "PostmanRuntime/7.43.0"
2024-12-29 03:24:59 [INFO]: Successfully connected to the database...
2024-12-29 03:24:59 [INFO]: Server is running on port 3000...
2024-12-29 03:25:00 [INFO]: ::1 - - [28/Dec/2024:20:25:00 +0000] "POST /api/v1/auth/sign-in HTTP/1.1" 500 239 "-" "PostmanRuntime/7.43.0"
2024-12-29 03:25:35 [INFO]: Successfully connected to the database...
2024-12-29 03:25:35 [INFO]: Server is running on port 3000...
2024-12-29 03:25:36 [INFO]: ::1 - - [28/Dec/2024:20:25:36 +0000] "POST /api/v1/auth/sign-in HTTP/1.1" 500 239 "-" "PostmanRuntime/7.43.0"
2024-12-29 03:27:19 [INFO]: Successfully connected to the database...
2024-12-29 03:27:19 [INFO]: Server is running on port 3000...
2024-12-29 03:27:23 [INFO]: ::1 - - [28/Dec/2024:20:27:23 +0000] "POST /api/v1/auth/sign-in HTTP/1.1" 500 239 "-" "PostmanRuntime/7.43.0"
2024-12-29 03:28:37 [INFO]: Successfully connected to the database...
2024-12-29 03:28:37 [INFO]: Server is running on port 3000...
2024-12-29 03:28:40 [INFO]: ::1 - - [28/Dec/2024:20:28:40 +0000] "POST /api/v1/auth/sign-in HTTP/1.1" 500 239 "-" "PostmanRuntime/7.43.0"
2024-12-29 03:29:25 [INFO]: Successfully connected to the database...
2024-12-29 03:29:25 [INFO]: Server is running on port 3000...
2024-12-29 03:29:35 [INFO]: Successfully connected to the database...
2024-12-29 03:29:35 [INFO]: Server is running on port 3000...
2024-12-29 03:29:37 [INFO]: ::1 - - [28/Dec/2024:20:29:37 +0000] "POST /api/v1/auth/sign-in HTTP/1.1" 500 239 "-" "PostmanRuntime/7.43.0"
2024-12-29 03:30:21 [INFO]: Successfully connected to the database...
2024-12-29 03:30:21 [INFO]: Server is running on port 3000...
2024-12-29 03:30:24 [INFO]: ::1 - - [28/Dec/2024:20:30:24 +0000] "POST /api/v1/auth/sign-in HTTP/1.1" 500 239 "-" "PostmanRuntime/7.43.0"
2024-12-29 03:31:14 [INFO]: Successfully connected to the database...
2024-12-29 03:31:14 [INFO]: Server is running on port 3000...
2024-12-29 03:36:49 [INFO]: Successfully connected to the database...
2024-12-29 03:36:49 [INFO]: Server is running on port 3000...
2024-12-29 03:37:12 [INFO]: Successfully connected to the database...
2024-12-29 03:37:12 [INFO]: Server is running on port 3000...
2024-12-29 03:37:16 [INFO]: ::1 - - [28/Dec/2024:20:37:16 +0000] "POST /api/v1/auth/sign-in HTTP/1.1" 500 122 "-" "PostmanRuntime/7.43.0"
2024-12-29 03:38:24 [INFO]: Successfully connected to the database...
2024-12-29 03:38:24 [INFO]: Server is running on port 3000...
2024-12-29 03:38:25 [INFO]: ::1 - - [28/Dec/2024:20:38:25 +0000] "POST /api/v1/auth/sign-in HTTP/1.1" 500 122 "-" "PostmanRuntime/7.43.0"
2024-12-29 03:38:34 [INFO]: Successfully connected to the database...
2024-12-29 03:38:34 [INFO]: Server is running on port 3000...
2024-12-29 03:38:39 [INFO]: Successfully connected to the database...
2024-12-29 03:38:39 [INFO]: Server is running on port 3000...
2024-12-29 03:38:46 [INFO]: Successfully connected to the database...
2024-12-29 03:38:46 [INFO]: Server is running on port 3000...
2024-12-29 03:38:47 [INFO]: [AUTH] Generated OTP: 578753 for user mahendradwipurwanto@gmail.com
2024-12-29 03:38:49 [INFO]: [MAILER] Email sent: <7c195457-2788-7e9f-5e9f-fd3ca2b14db7@ngodingin.org>
2024-12-29 03:38:49 [INFO]: ::1 - - [28/Dec/2024:20:38:49 +0000] "POST /api/v1/auth/sign-in HTTP/1.1" 200 408 "-" "PostmanRuntime/7.43.0"
2024-12-29 03:39:43 [INFO]: Successfully connected to the database...
2024-12-29 03:39:43 [INFO]: Server is running on port 3000...
2024-12-29 03:40:15 [INFO]: ::1 - - [28/Dec/2024:20:40:15 +0000] "POST /api/v1/auth/sign-in HTTP/1.1" 401 129 "-" "PostmanRuntime/7.43.0"
2024-12-29 03:40:23 [INFO]: [AUTH] Generated OTP: 100925 for user mahendradwipurwanto@gmail.com
2024-12-29 03:40:26 [INFO]: [MAILER] Email sent: <6e308fce-d148-52a5-44d9-1f5766f3414a@ngodingin.org>
2024-12-29 03:40:26 [INFO]: ::1 - - [28/Dec/2024:20:40:26 +0000] "POST /api/v1/auth/sign-up HTTP/1.1" 201 432 "-" "PostmanRuntime/7.43.0"
2024-12-29 21:00:47 [INFO]: ::1 - - [29/Dec/2024:14:00:47 +0000] "POST /api/v1/auth/sign-up HTTP/1.1" 500 122 "-" "PostmanRuntime/7.43.0"
2024-12-29 21:01:15 [INFO]: Successfully connected to the database...
2024-12-29 21:01:15 [INFO]: Server is running on port 3000...
2024-12-29 21:01:17 [INFO]: ::1 - - [29/Dec/2024:14:01:17 +0000] "POST /api/v1/auth/sign-up HTTP/1.1" 500 122 "-" "PostmanRuntime/7.43.0"
2024-12-29 21:01:35 [INFO]: Successfully connected to the database...
2024-12-29 21:01:35 [INFO]: Server is running on port 3000...
2024-12-29 21:01:41 [INFO]: ::1 - - [29/Dec/2024:14:01:41 +0000] "POST /api/v1/auth/sign-up HTTP/1.1" 500 122 "-" "PostmanRuntime/7.43.0"
2024-12-29 21:56:47 [INFO]: Successfully connected to the database...
2024-12-29 21:56:47 [INFO]: Server is running on port 3000...
2024-12-29 21:56:48 [INFO]: ::1 - - [29/Dec/2024:14:56:48 +0000] "POST /api/v1/auth/sign-up HTTP/1.1" 500 108 "-" "PostmanRuntime/7.43.0"
2024-12-29 21:56:58 [INFO]: Successfully connected to the database...
2024-12-29 21:56:58 [INFO]: Server is running on port 3000...
2024-12-29 21:57:07 [INFO]: Successfully connected to the database...
2024-12-29 21:57:07 [INFO]: Server is running on port 3000...
2024-12-29 21:57:09 [INFO]: ::1 - - [29/Dec/2024:14:57:09 +0000] "POST /api/v1/auth/sign-up HTTP/1.1" 500 122 "-" "PostmanRuntime/7.43.0"
2024-12-29 21:57:28 [INFO]: Successfully connected to the database...
2024-12-29 21:57:28 [INFO]: Server is running on port 3000...
2024-12-29 21:57:29 [INFO]: ::1 - - [29/Dec/2024:14:57:29 +0000] "POST /api/v1/auth/sign-up HTTP/1.1" 500 122 "-" "PostmanRuntime/7.43.0"
2024-12-29 21:57:53 [INFO]: Successfully connected to the database...
2024-12-29 21:57:53 [INFO]: Server is running on port 3000...
2024-12-29 21:57:54 [INFO]: ::1 - - [29/Dec/2024:14:57:54 +0000] "POST /api/v1/auth/sign-up HTTP/1.1" 500 122 "-" "PostmanRuntime/7.43.0"
2024-12-29 21:59:04 [INFO]: Successfully connected to the database...
2024-12-29 21:59:04 [INFO]: Server is running on port 3000...
2024-12-29 21:59:12 [INFO]: ::1 - - [29/Dec/2024:14:59:12 +0000] "POST /api/v1/auth/sign-up HTTP/1.1" 400 66 "-" "PostmanRuntime/7.43.0"
2024-12-29 21:59:25 [INFO]: ::1 - - [29/Dec/2024:14:59:25 +0000] "POST /api/v1/auth/sign-up HTTP/1.1" 400 66 "-" "PostmanRuntime/7.43.0"
2024-12-29 21:59:33 [INFO]: [AUTH] Generated OTP: 502646 for user mahendradwipurwanto@gmail.com
2024-12-29 21:59:36 [INFO]: [MAILER] Email sent: <ad20947f-cbdf-1fae-5df9-63151bb37870@ngodingin.org>
2024-12-29 21:59:36 [INFO]: ::1 - - [29/Dec/2024:14:59:36 +0000] "POST /api/v1/auth/sign-in HTTP/1.1" 200 408 "-" "PostmanRuntime/7.43.0"
2024-12-29 21:59:43 [INFO]: [AUTH] Generated OTP: 403098 for user mahendradwipurwanto@gmail.com
2024-12-29 21:59:46 [INFO]: [MAILER] Email sent: <b37e3cb7-ca38-20e3-897b-55c7296c38f1@ngodingin.org>
2024-12-29 21:59:46 [INFO]: ::1 - - [29/Dec/2024:14:59:46 +0000] "POST /api/v1/auth/sign-in HTTP/1.1" 200 408 "-" "PostmanRuntime/7.43.0"
