2025-01-01 00:21:25 [INFO]: Successfully connected to the database...
2025-01-01 00:21:25 [INFO]: Server is running on port 3000...
2025-01-01 00:21:31 [INFO]: [AUTH] Generated OTP: 743308 for user mahendradwipurwanto@gmail.com
2025-01-01 00:21:33 [INFO]: [MAILER] Email sent: <7cd9bd47-f1b5-364f-577a-69dbea7e7ef0@ngodingin.org>
2025-01-01 00:21:33 [INFO]: ::1 - - [31/Dec/2024:17:21:33 +0000] "POST /api/v1/auth/forgot-password HTTP/1.1" 200 441 "-" "PostmanRuntime/7.43.0"
2025-01-01 00:22:03 [INFO]: ::1 - - [31/Dec/2024:17:22:03 +0000] "POST /api/v1/auth/verify-otp HTTP/1.1" 200 1330 "-" "PostmanRuntime/7.43.0"
2025-01-01 00:23:41 [ERROR]: => "/api/v1/auth/verify-otp" use method: "POST", unexprected error:
2025-01-01 00:23:41 [INFO]: ::1 - - [31/Dec/2024:17:23:41 +0000] "POST /api/v1/auth/verify-otp HTTP/1.1" 401 71 "-" "PostmanRuntime/7.43.0"
2025-01-01 00:25:05 [ERROR]: => "/api/v1/auth/forgot-password" use method: "POST", unexprected error:
2025-01-01 00:25:05 [INFO]: ::1 - - [31/Dec/2024:17:25:05 +0000] "POST /api/v1/auth/forgot-password HTTP/1.1" 401 83 "-" "PostmanRuntime/7.43.0"
2025-01-01 00:26:11 [INFO]: [AUTH] Resend OTP: mahendradwipurwanto@gmail.com|20250101002131|743308
2025-01-01 00:26:11 [ERROR]: => "/api/v1/auth/resend-otp" use method: "POST", unexprected error:
2025-01-01 00:26:11 [INFO]: ::1 - - [31/Dec/2024:17:26:11 +0000] "POST /api/v1/auth/resend-otp HTTP/1.1" 401 71 "-" "PostmanRuntime/7.43.0"
2025-01-01 00:26:29 [INFO]: [AUTH] Generated OTP: 354881 for user mahendradwipurwanto@gmail.com
2025-01-01 00:26:31 [INFO]: [MAILER] Email sent: <71d670aa-e1df-ba54-a117-7721073451a3@ngodingin.org>
2025-01-01 00:26:31 [INFO]: ::1 - - [31/Dec/2024:17:26:31 +0000] "POST /api/v1/auth/forgot-password HTTP/1.1" 200 441 "-" "PostmanRuntime/7.43.0"
2025-01-01 00:26:34 [INFO]: [AUTH] Resend OTP: mahendradwipurwanto@gmail.com|20250101002629|354881
2025-01-01 00:26:34 [INFO]: [AUTH] Resend OTP: 468891 for user mahendradwipurwanto@gmail.com
2025-01-01 00:26:36 [INFO]: [MAILER] Email sent: <bd63c838-897b-1824-9e08-b8a19f688add@ngodingin.org>
2025-01-01 00:26:36 [INFO]: ::1 - - [31/Dec/2024:17:26:36 +0000] "POST /api/v1/auth/resend-otp HTTP/1.1" 200 63 "-" "PostmanRuntime/7.43.0"
2025-01-01 00:27:23 [INFO]: [AUTH] Resend OTP: mahendradwipurwanto@gmail.com|20250101002629|354881
2025-01-01 00:27:23 [INFO]: [AUTH] Resend OTP: 269224 for user mahendradwipurwanto@gmail.com
2025-01-01 00:27:25 [INFO]: [MAILER] Email sent: <c7539abb-528e-3432-5e73-04811da05912@ngodingin.org>
2025-01-01 00:27:25 [INFO]: ::1 - - [31/Dec/2024:17:27:25 +0000] "POST /api/v1/auth/resend-otp HTTP/1.1" 200 63 "-" "PostmanRuntime/7.43.0"
2025-01-01 00:27:28 [ERROR]: => "/api/v1/auth/verify-otp" use method: "POST", unexprected error:
2025-01-01 00:27:28 [INFO]: ::1 - - [31/Dec/2024:17:27:28 +0000] "POST /api/v1/auth/verify-otp HTTP/1.1" 401 71 "-" "PostmanRuntime/7.43.0"
2025-01-01 00:27:41 [INFO]: ::1 - - [31/Dec/2024:17:27:41 +0000] "POST /api/v1/auth/verify-otp HTTP/1.1" 200 1330 "-" "PostmanRuntime/7.43.0"
2025-01-01 00:27:44 [INFO]: [AUTH] Resend OTP: mahendradwipurwanto@gmail.com|20250101002629|354881
2025-01-01 00:27:44 [ERROR]: => "/api/v1/auth/resend-otp" use method: "POST", unexprected error:
2025-01-01 00:27:44 [INFO]: ::1 - - [31/Dec/2024:17:27:44 +0000] "POST /api/v1/auth/resend-otp HTTP/1.1" 401 71 "-" "PostmanRuntime/7.43.0"
2025-01-01 00:29:15 [INFO]: Successfully connected to the database...
2025-01-01 00:29:15 [INFO]: Server is running on port 3000...
