2024-12-30 01:46:08 [INFO]: [AUTH] Generated OTP: 389500 for user mahendradwipurwanto@gmail.com
2024-12-30 01:46:11 [INFO]: [MAILER] Email sent: <164b3124-e590-1a43-e8ef-a0ff3d8b44cd@ngodingin.org>
2024-12-30 01:46:11 [INFO]: ::1 - - [29/Dec/2024:18:46:11 +0000] "POST /api/v1/auth/sign-in HTTP/1.1" 200 408 "-" "PostmanRuntime/7.43.0"
2024-12-30 15:35:40 [INFO]: Successfully connected to the database...
2024-12-30 15:35:40 [INFO]: Server is running on port 3000...
2024-12-30 15:38:04 [INFO]: Successfully connected to the database...
2024-12-30 15:38:04 [INFO]: Server is running on port 3000...
2024-12-30 18:53:41 [INFO]: ::1 - - [30/Dec/2024:11:53:41 +0000] "POST /api/v1/auth/sign-up HTTP/1.1" 400 66 "-" "PostmanRuntime/7.43.0"
2024-12-30 18:54:23 [INFO]: Successfully connected to the database...
2024-12-30 18:54:23 [INFO]: Server is running on port 3000...
2024-12-30 18:56:02 [INFO]: Successfully connected to the database...
2024-12-30 18:56:02 [INFO]: Server is running on port 3000...
2024-12-30 18:56:06 [INFO]: ::1 - - [30/Dec/2024:11:56:06 +0000] "POST /api/v1/auth/sign-up HTTP/1.1" 400 66 "-" "PostmanRuntime/7.43.0"
2024-12-30 18:56:20 [INFO]: Successfully connected to the database...
2024-12-30 18:56:20 [INFO]: Server is running on port 3000...
2024-12-30 18:57:01 [INFO]: Successfully connected to the database...
2024-12-30 18:57:01 [INFO]: Server is running on port 3000...
2024-12-30 18:57:23 [INFO]: Successfully connected to the database...
2024-12-30 18:57:23 [INFO]: Server is running on port 3000...
2024-12-30 18:57:50 [INFO]: Successfully connected to the database...
2024-12-30 18:57:50 [INFO]: Server is running on port 3000...
2024-12-30 18:58:21 [INFO]: Successfully connected to the database...
2024-12-30 18:58:21 [INFO]: Server is running on port 3000...
2024-12-30 18:59:38 [INFO]: Successfully connected to the database...
2024-12-30 18:59:38 [INFO]: Server is running on port 3000...
2024-12-30 19:01:15 [INFO]: Successfully connected to the database...
2024-12-30 19:01:15 [INFO]: Server is running on port 3000...
2024-12-30 20:14:37 [INFO]: Successfully connected to the database...
2024-12-30 20:14:37 [INFO]: Server is running on port 3000...
2024-12-30 20:14:41 [INFO]: ::1 - - [30/Dec/2024:13:14:41 +0000] "POST /api/v1/auth/sign-in HTTP/1.1" 500 130 "-" "PostmanRuntime/7.43.0"
2024-12-30 20:15:43 [INFO]: Successfully connected to the database...
2024-12-30 20:15:43 [INFO]: Server is running on port 3000...
2024-12-30 20:15:45 [INFO]: [AUTH] Generated OTP: [object Object] for user mahendradwipurwanto@gmail.com
2024-12-30 20:15:48 [INFO]: [MAILER] Email sent: <fd09ff67-d8a6-343c-2e72-b4c778cda353@ngodingin.org>
2024-12-30 20:15:48 [INFO]: ::1 - - [30/Dec/2024:13:15:48 +0000] "POST /api/v1/auth/sign-in HTTP/1.1" 200 408 "-" "PostmanRuntime/7.43.0"
2024-12-30 20:17:31 [INFO]: Successfully connected to the database...
2024-12-30 20:17:31 [INFO]: Server is running on port 3000...
2024-12-30 20:17:36 [INFO]: [AUTH] Generated OTP: 274602 for user mahendradwipurwanto@gmail.com
2024-12-30 20:17:39 [INFO]: [MAILER] Email sent: <4a16c58e-d24a-93f6-4532-56db51cae926@ngodingin.org>
2024-12-30 20:17:39 [INFO]: ::1 - - [30/Dec/2024:13:17:39 +0000] "POST /api/v1/auth/sign-in HTTP/1.1" 200 408 "-" "PostmanRuntime/7.43.0"
2024-12-30 20:32:18 [INFO]: Successfully connected to the database...
2024-12-30 20:32:18 [INFO]: Server is running on port 3000...
2024-12-30 20:32:49 [INFO]: Successfully connected to the database...
2024-12-30 20:32:49 [INFO]: Server is running on port 3000...
2024-12-30 20:33:06 [INFO]: Successfully connected to the database...
2024-12-30 20:33:06 [INFO]: Server is running on port 3000...
2024-12-30 20:33:07 [INFO]: ::1 - - [30/Dec/2024:13:33:07 +0000] "POST /api/v1/auth/sign-in HTTP/1.1" 401 97 "-" "PostmanRuntime/7.43.0"
2024-12-30 20:38:57 [INFO]: Successfully connected to the database...
2024-12-30 20:38:57 [INFO]: Server is running on port 3000...
2024-12-30 20:40:21 [INFO]: Successfully connected to the database...
2024-12-30 20:40:21 [INFO]: Server is running on port 3000...
2024-12-30 20:40:53 [INFO]: Successfully connected to the database...
2024-12-30 20:40:53 [INFO]: Server is running on port 3000...
2024-12-30 20:54:51 [INFO]: Successfully connected to the database...
2024-12-30 20:54:51 [INFO]: Server is running on port 3000...
2024-12-30 20:56:07 [INFO]: Successfully connected to the database...
2024-12-30 20:56:07 [INFO]: Server is running on port 3000...
2024-12-30 20:57:31 [INFO]: Successfully connected to the database...
2024-12-30 20:57:31 [INFO]: Server is running on port 3000...
2024-12-30 20:57:33 [ERROR]: => "/api/v1/auth/sign-in" use method: "POST", unexprected error:
2024-12-30 20:59:41 [INFO]: Successfully connected to the database...
2024-12-30 20:59:41 [INFO]: Server is running on port 3000...
2024-12-30 20:59:50 [INFO]: Successfully connected to the database...
2024-12-30 20:59:50 [INFO]: Server is running on port 3000...
2024-12-30 20:59:52 [ERROR]: => "/api/v1/auth/sign-in" use method: "POST", unexprected error:
2024-12-30 20:59:52 [INFO]: ::1 - - [30/Dec/2024:13:59:52 +0000] "POST /api/v1/auth/sign-in HTTP/1.1" 401 108 "-" "PostmanRuntime/7.43.0"
2024-12-30 21:00:39 [INFO]: Successfully connected to the database...
2024-12-30 21:00:39 [INFO]: Server is running on port 3000...
2024-12-30 21:01:04 [INFO]: Successfully connected to the database...
2024-12-30 21:01:04 [INFO]: Server is running on port 3000...
2024-12-30 21:01:06 [ERROR]: => "/api/v1/auth/sign-in" use method: "POST", unexprected error:
2024-12-30 21:01:41 [INFO]: Successfully connected to the database...
2024-12-30 21:01:41 [INFO]: Server is running on port 3000...
2024-12-30 21:01:47 [INFO]: Successfully connected to the database...
2024-12-30 21:01:47 [INFO]: Server is running on port 3000...
2024-12-30 21:01:52 [ERROR]: => "/api/v1/auth/sign-in" use method: "POST", unexprected error:
2024-12-30 21:01:52 [INFO]: ::1 - - [30/Dec/2024:14:01:52 +0000] "POST /api/v1/auth/sign-in HTTP/1.1" 401 110 "-" "PostmanRuntime/7.43.0"
2024-12-30 21:01:57 [ERROR]: => "/api/v1/auth/sign-in" use method: "POST", unexprected error:
2024-12-30 21:01:57 [INFO]: ::1 - - [30/Dec/2024:14:01:57 +0000] "POST /api/v1/auth/sign-in HTTP/1.1" 401 83 "-" "PostmanRuntime/7.43.0"
2024-12-30 21:02:00 [ERROR]: => "/api/v1/auth/sign-in" use method: "POST", unexprected error:
2024-12-30 21:02:00 [INFO]: ::1 - - [30/Dec/2024:14:02:00 +0000] "POST /api/v1/auth/sign-in HTTP/1.1" 401 110 "-" "PostmanRuntime/7.43.0"
2024-12-30 21:02:14 [INFO]: Successfully connected to the database...
2024-12-30 21:02:14 [INFO]: Server is running on port 3000...
2024-12-30 21:02:17 [ERROR]: => "/api/v1/auth/sign-in" use method: "POST", unexprected error:
2024-12-30 21:02:17 [INFO]: ::1 - - [30/Dec/2024:14:02:17 +0000] "POST /api/v1/auth/sign-in HTTP/1.1" 401 108 "-" "PostmanRuntime/7.43.0"
2024-12-30 21:28:21 [INFO]: Successfully connected to the database...
2024-12-30 21:28:21 [INFO]: Server is running on port 3000...
2024-12-30 21:46:50 [ERROR]: => "/api/v1/auth/sign-in" use method: "POST", unexprected error:
2024-12-30 21:46:50 [INFO]: ::1 - - [30/Dec/2024:14:46:50 +0000] "POST /api/v1/auth/sign-in HTTP/1.1" 401 108 "-" "PostmanRuntime/7.43.0"
2024-12-30 21:47:13 [INFO]: Successfully connected to the database...
2024-12-30 21:47:13 [INFO]: Server is running on port 3000...
2024-12-30 21:48:25 [ERROR]: => "/api/v1/auth/sign-in" use method: "POST", unexprected error:
2024-12-30 21:48:25 [INFO]: ::1 - - [30/Dec/2024:14:48:25 +0000] "POST /api/v1/auth/sign-in HTTP/1.1" 401 110 "-" "PostmanRuntime/7.43.0"
2024-12-30 21:53:47 [INFO]: Successfully connected to the database...
2024-12-30 21:53:47 [INFO]: Server is running on port 3000...
2024-12-30 21:53:50 [ERROR]: => "/api/v1/auth/sign-in" use method: "POST", unexprected error:
2024-12-30 21:53:50 [INFO]: ::1 - - [30/Dec/2024:14:53:50 +0000] "POST /api/v1/auth/sign-in HTTP/1.1" 100 111 "-" "PostmanRuntime/7.43.0"
2024-12-30 21:54:43 [INFO]: Successfully connected to the database...
2024-12-30 21:54:43 [INFO]: Server is running on port 3000...
2024-12-30 21:55:17 [INFO]: Successfully connected to the database...
2024-12-30 21:55:17 [INFO]: Server is running on port 3000...
2024-12-30 21:55:19 [ERROR]: => "/api/v1/auth/sign-in" use method: "POST", unexprected error:
2024-12-30 21:55:19 [INFO]: ::1 - - [30/Dec/2024:14:55:19 +0000] "POST /api/v1/auth/sign-in HTTP/1.1" 100 110 "-" "PostmanRuntime/7.43.0"
2024-12-30 21:56:21 [INFO]: Successfully connected to the database...
2024-12-30 21:56:21 [INFO]: Server is running on port 3000...
2024-12-30 21:56:45 [ERROR]: => "/api/v1/auth/sign-in" use method: "POST", unexprected error:
2024-12-30 21:56:45 [INFO]: ::1 - - [30/Dec/2024:14:56:45 +0000] "POST /api/v1/auth/sign-in HTTP/1.1" 401 110 "-" "PostmanRuntime/7.43.0"
2024-12-30 22:06:59 [INFO]: Successfully connected to the database...
2024-12-30 22:06:59 [INFO]: Server is running on port 3000...
2024-12-30 22:07:12 [INFO]: Successfully connected to the database...
2024-12-30 22:07:12 [INFO]: Server is running on port 3000...
2024-12-30 22:22:12 [INFO]: Successfully connected to the database...
2024-12-30 22:22:12 [INFO]: Server is running on port 3000...
2024-12-30 22:22:52 [INFO]: Successfully connected to the database...
2024-12-30 22:22:52 [INFO]: Server is running on port 3000...
2024-12-30 22:23:16 [ERROR]: => "/api/v1/auth/sign-in" use method: "POST", unexprected error:
2024-12-30 22:23:16 [INFO]: ::1 - - [30/Dec/2024:15:23:16 +0000] "POST /api/v1/auth/sign-in HTTP/1.1" 401 110 "-" "PostmanRuntime/7.43.0"
2024-12-30 22:25:37 [INFO]: Successfully connected to the database...
2024-12-30 22:25:37 [INFO]: Server is running on port 3000...
2024-12-30 22:26:29 [INFO]: Successfully connected to the database...
2024-12-30 22:26:29 [INFO]: Server is running on port 3000...
2024-12-30 22:26:59 [INFO]: Successfully connected to the database...
2024-12-30 22:26:59 [INFO]: Server is running on port 3000...
2024-12-30 22:27:04 [INFO]: ::1 - - [30/Dec/2024:15:27:04 +0000] "POST /api/v1/auth/sign-in HTTP/1.1" 101 468 "-" "PostmanRuntime/7.43.0"
2024-12-30 22:28:09 [INFO]: Successfully connected to the database...
2024-12-30 22:28:09 [INFO]: Server is running on port 3000...
2024-12-30 22:28:30 [INFO]: Successfully connected to the database...
2024-12-30 22:28:30 [INFO]: Server is running on port 3000...
2024-12-30 22:28:34 [INFO]: ::1 - - [30/Dec/2024:15:28:34 +0000] "POST /api/v1/auth/sign-in HTTP/1.1" 202 468 "-" "PostmanRuntime/7.43.0"
2024-12-30 22:34:50 [INFO]: ::1 - - [30/Dec/2024:15:34:50 +0000] "POST /api/v1/auth/sign-in HTTP/1.1" 202 468 "-" "PostmanRuntime/7.43.0"
2024-12-30 22:34:51 [INFO]: ::1 - - [30/Dec/2024:15:34:51 +0000] "POST /api/v1/auth/sign-in HTTP/1.1" 202 468 "-" "PostmanRuntime/7.43.0"
2024-12-30 22:36:50 [INFO]: ::1 - - [30/Dec/2024:15:36:50 +0000] "POST /api/v1/auth/sign-in HTTP/1.1" 202 468 "-" "PostmanRuntime/7.43.0"
2024-12-30 22:37:21 [INFO]: Successfully connected to the database...
2024-12-30 22:37:21 [INFO]: Server is running on port 3000...
2024-12-30 22:37:49 [INFO]: Successfully connected to the database...
2024-12-30 22:37:49 [INFO]: Server is running on port 3000...
2024-12-30 22:38:04 [INFO]: Successfully connected to the database...
2024-12-30 22:38:04 [INFO]: Server is running on port 3000...
2024-12-30 22:38:11 [INFO]: Successfully connected to the database...
2024-12-30 22:38:11 [INFO]: Server is running on port 3000...
2024-12-30 22:38:37 [INFO]: Successfully connected to the database...
2024-12-30 22:38:37 [INFO]: Server is running on port 3000...
2024-12-30 22:38:53 [INFO]: Successfully connected to the database...
2024-12-30 22:38:53 [INFO]: Server is running on port 3000...
2024-12-30 22:39:52 [INFO]: Successfully connected to the database...
2024-12-30 22:39:52 [INFO]: Server is running on port 3000...
2024-12-30 22:48:28 [ERROR]: Database connection failed: Column pin of Entity EntityUser does not support length property.
2024-12-30 22:48:48 [INFO]: Successfully connected to the database...
2024-12-30 22:48:48 [INFO]: Server is running on port 3000...
2024-12-30 22:49:09 [ERROR]: => "/api/v1/auth/sign-in" use method: "POST", unexprected error:
2024-12-30 22:49:09 [INFO]: ::1 - - [30/Dec/2024:15:49:09 +0000] "POST /api/v1/auth/sign-in HTTP/1.1" 401 83 "-" "PostmanRuntime/7.43.0"
2024-12-30 22:49:13 [INFO]: [AUTH] Generated OTP: 402062 for user mahendradwipurwanto@gmail.com
2024-12-30 22:49:17 [INFO]: [MAILER] Email sent: <c8da0e6b-9583-9ff4-b54e-90577d6d6b64@ngodingin.org>
2024-12-30 22:49:17 [INFO]: ::1 - - [30/Dec/2024:15:49:17 +0000] "POST /api/v1/auth/sign-up HTTP/1.1" 201 443 "-" "PostmanRuntime/7.43.0"
2024-12-30 22:49:57 [ERROR]: => "/api/v1/auth/sign-in" use method: "PATCH", unexprected error:
2024-12-30 22:49:57 [INFO]: ::1 - - [30/Dec/2024:15:49:57 +0000] "PATCH /api/v1/auth/sign-in HTTP/1.1" 500 153 "-" "PostmanRuntime/7.43.0"
2024-12-30 22:50:12 [INFO]: Successfully connected to the database...
2024-12-30 22:50:12 [INFO]: Server is running on port 3000...
2024-12-30 22:50:13 [ERROR]: => "/api/v1/auth/sign-in" use method: "PATCH", unexprected error:
2024-12-30 22:50:13 [INFO]: ::1 - - [30/Dec/2024:15:50:13 +0000] "PATCH /api/v1/auth/sign-in HTTP/1.1" 500 153 "-" "PostmanRuntime/7.43.0"
2024-12-30 22:50:34 [INFO]: Successfully connected to the database...
2024-12-30 22:50:34 [INFO]: Server is running on port 3000...
2024-12-30 22:50:37 [ERROR]: => "/api/v1/auth/sign-in" use method: "PATCH", unexprected error:
2024-12-30 22:50:37 [INFO]: ::1 - - [30/Dec/2024:15:50:37 +0000] "PATCH /api/v1/auth/sign-in HTTP/1.1" 500 153 "-" "PostmanRuntime/7.43.0"
2024-12-30 22:52:13 [INFO]: Successfully connected to the database...
2024-12-30 22:52:13 [INFO]: Server is running on port 3000...
2024-12-30 22:52:15 [ERROR]: => "/api/v1/auth/sign-in" use method: "PATCH", unexprected error:
2024-12-30 22:52:15 [INFO]: ::1 - - [30/Dec/2024:15:52:15 +0000] "PATCH /api/v1/auth/sign-in HTTP/1.1" 500 153 "-" "PostmanRuntime/7.43.0"
2024-12-30 22:52:27 [INFO]: Successfully connected to the database...
2024-12-30 22:52:27 [INFO]: Server is running on port 3000...
2024-12-30 22:52:29 [ERROR]: => "/api/v1/auth/sign-in" use method: "PATCH", unexprected error:
2024-12-30 22:52:29 [INFO]: ::1 - - [30/Dec/2024:15:52:29 +0000] "PATCH /api/v1/auth/sign-in HTTP/1.1" 500 153 "-" "PostmanRuntime/7.43.0"
2024-12-30 22:52:42 [INFO]: Successfully connected to the database...
2024-12-30 22:52:42 [INFO]: Server is running on port 3000...
2024-12-30 22:52:43 [ERROR]: => "/api/v1/auth/sign-in" use method: "PATCH", unexprected error:
2024-12-30 22:52:43 [INFO]: ::1 - - [30/Dec/2024:15:52:43 +0000] "PATCH /api/v1/auth/sign-in HTTP/1.1" 500 153 "-" "PostmanRuntime/7.43.0"
2024-12-30 22:53:14 [ERROR]: => "/api/v1/auth/sign-in" use method: "PATCH", unexprected error:
2024-12-30 22:53:14 [INFO]: ::1 - - [30/Dec/2024:15:53:14 +0000] "PATCH /api/v1/auth/sign-in HTTP/1.1" 500 153 "-" "PostmanRuntime/7.43.0"
2024-12-30 22:53:51 [INFO]: Successfully connected to the database...
2024-12-30 22:53:51 [INFO]: Server is running on port 3000...
2024-12-30 22:53:54 [ERROR]: => "/api/v1/auth/sign-in" use method: "PATCH", unexprected error:
2024-12-30 22:53:54 [INFO]: ::1 - - [30/Dec/2024:15:53:54 +0000] "PATCH /api/v1/auth/sign-in HTTP/1.1" 500 153 "-" "PostmanRuntime/7.43.0"
2024-12-30 22:54:12 [INFO]: Successfully connected to the database...
2024-12-30 22:54:12 [INFO]: Server is running on port 3000...
2024-12-30 22:54:28 [ERROR]: => "/api/v1/auth/sign-in" use method: "PATCH", unexprected error:
2024-12-30 22:54:28 [INFO]: ::1 - - [30/Dec/2024:15:54:28 +0000] "PATCH /api/v1/auth/sign-in HTTP/1.1" 500 153 "-" "PostmanRuntime/7.43.0"
2024-12-30 22:54:46 [INFO]: Successfully connected to the database...
2024-12-30 22:54:46 [INFO]: Server is running on port 3000...
2024-12-30 22:54:49 [ERROR]: => "/api/v1/auth/sign-in" use method: "POST", unexprected error:
2024-12-30 22:54:49 [INFO]: ::1 - - [30/Dec/2024:15:54:49 +0000] "POST /api/v1/auth/sign-in HTTP/1.1" 500 153 "-" "PostmanRuntime/7.43.0"
2024-12-30 22:54:57 [ERROR]: => "/api/v1/auth/sign-up" use method: "POST", unexprected error:
2024-12-30 22:54:57 [INFO]: ::1 - - [30/Dec/2024:15:54:57 +0000] "POST /api/v1/auth/sign-up HTTP/1.1" 400 77 "-" "PostmanRuntime/7.43.0"
2024-12-30 22:54:59 [INFO]: ::1 - - [30/Dec/2024:15:54:59 +0000] "POST /api/v1/auth/sign-in HTTP/1.1" 202 468 "-" "PostmanRuntime/7.43.0"
2024-12-30 22:55:02 [ERROR]: => "/api/v1/auth/sign-in" use method: "POST", unexprected error:
2024-12-30 22:55:02 [INFO]: ::1 - - [30/Dec/2024:15:55:02 +0000] "POST /api/v1/auth/sign-in HTTP/1.1" 500 153 "-" "PostmanRuntime/7.43.0"
2024-12-30 22:55:39 [INFO]: Successfully connected to the database...
2024-12-30 22:55:39 [INFO]: Server is running on port 3000...
2024-12-30 22:55:41 [ERROR]: => "/api/v1/auth/sign-in" use method: "POST", unexprected error:
2024-12-30 22:55:41 [INFO]: ::1 - - [30/Dec/2024:15:55:41 +0000] "POST /api/v1/auth/sign-in HTTP/1.1" 500 153 "-" "PostmanRuntime/7.43.0"
2024-12-30 22:56:04 [INFO]: Successfully connected to the database...
2024-12-30 22:56:04 [INFO]: Server is running on port 3000...
2024-12-30 22:56:07 [ERROR]: => "/api/v1/auth/setup-pin" use method: "PATCH", unexprected error:
2024-12-30 22:56:07 [INFO]: ::1 - - [30/Dec/2024:15:56:07 +0000] "PATCH /api/v1/auth/setup-pin HTTP/1.1" 500 153 "-" "PostmanRuntime/7.43.0"
2024-12-30 22:56:13 [INFO]: ::1 - - [30/Dec/2024:15:56:13 +0000] "POST /api/v1/auth/sign-in HTTP/1.1" 202 468 "-" "PostmanRuntime/7.43.0"
2024-12-30 22:56:19 [ERROR]: => "/api/v1/auth/setup-pin" use method: "PATCH", unexprected error:
2024-12-30 22:56:19 [INFO]: ::1 - - [30/Dec/2024:15:56:19 +0000] "PATCH /api/v1/auth/setup-pin HTTP/1.1" 500 153 "-" "PostmanRuntime/7.43.0"
2024-12-30 22:56:43 [INFO]: Successfully connected to the database...
2024-12-30 22:56:43 [INFO]: Server is running on port 3000...
2024-12-30 22:56:44 [ERROR]: => "/api/v1/auth/setup-pin" use method: "PATCH", unexprected error:
2024-12-30 22:56:44 [INFO]: ::1 - - [30/Dec/2024:15:56:44 +0000] "PATCH /api/v1/auth/setup-pin HTTP/1.1" 500 153 "-" "PostmanRuntime/7.43.0"
2024-12-30 22:57:16 [INFO]: Successfully connected to the database...
2024-12-30 22:57:16 [INFO]: Server is running on port 3000...
2024-12-30 22:57:35 [INFO]: Successfully connected to the database...
2024-12-30 22:57:35 [INFO]: Server is running on port 3000...
2024-12-30 22:57:41 [ERROR]: => "/api/v1/auth/setup-pin" use method: "PATCH", unexprected error:
2024-12-30 22:57:41 [INFO]: ::1 - - [30/Dec/2024:15:57:41 +0000] "PATCH /api/v1/auth/setup-pin HTTP/1.1" 500 153 "-" "PostmanRuntime/7.43.0"
2024-12-30 22:57:51 [INFO]: Successfully connected to the database...
2024-12-30 22:57:51 [INFO]: Server is running on port 3000...
2024-12-30 22:57:52 [ERROR]: => "/api/v1/auth/setup-pin" use method: "PATCH", unexprected error:
2024-12-30 22:57:52 [INFO]: ::1 - - [30/Dec/2024:15:57:52 +0000] "PATCH /api/v1/auth/setup-pin HTTP/1.1" 500 153 "-" "PostmanRuntime/7.43.0"
2024-12-30 22:58:03 [INFO]: Successfully connected to the database...
2024-12-30 22:58:03 [INFO]: Server is running on port 3000...
2024-12-30 22:58:17 [INFO]: Successfully connected to the database...
2024-12-30 22:58:17 [INFO]: Server is running on port 3000...
2024-12-30 22:58:19 [ERROR]: => "/api/v1/auth/setup-pin" use method: "PATCH", unexprected error:
2024-12-30 22:58:19 [INFO]: ::1 - - [30/Dec/2024:15:58:19 +0000] "PATCH /api/v1/auth/setup-pin HTTP/1.1" 500 153 "-" "PostmanRuntime/7.43.0"
2024-12-30 22:58:43 [INFO]: Successfully connected to the database...
2024-12-30 22:58:43 [INFO]: Server is running on port 3000...
2024-12-30 22:58:44 [ERROR]: => "/api/v1/auth/setup-pin" use method: "PATCH", unexprected error:
2024-12-30 22:58:44 [INFO]: ::1 - - [30/Dec/2024:15:58:44 +0000] "PATCH /api/v1/auth/setup-pin HTTP/1.1" 500 156 "-" "PostmanRuntime/7.43.0"
2024-12-30 22:58:51 [INFO]: Successfully connected to the database...
2024-12-30 22:58:51 [INFO]: Server is running on port 3000...
2024-12-30 22:59:10 [ERROR]: => "/api/v1/auth/setup-pin" use method: "PATCH", unexprected error:
2024-12-30 22:59:10 [INFO]: ::1 - - [30/Dec/2024:15:59:10 +0000] "PATCH /api/v1/auth/setup-pin HTTP/1.1" 500 153 "-" "PostmanRuntime/7.43.0"
2024-12-30 22:59:22 [ERROR]: => "/api/v1/auth/setup-pin" use method: "PATCH", unexprected error:
2024-12-30 22:59:22 [INFO]: ::1 - - [30/Dec/2024:15:59:22 +0000] "PATCH /api/v1/auth/setup-pin HTTP/1.1" 401 68 "-" "PostmanRuntime/7.43.0"
2024-12-30 22:59:42 [INFO]: Successfully connected to the database...
2024-12-30 22:59:42 [INFO]: Server is running on port 3000...
2024-12-30 22:59:44 [INFO]: ::1 - - [30/Dec/2024:15:59:44 +0000] "PATCH /api/v1/auth/setup-pin HTTP/1.1" 200 920 "-" "PostmanRuntime/7.43.0"
2024-12-30 22:59:50 [INFO]: ::1 - - [30/Dec/2024:15:59:50 +0000] "POST /api/v1/auth/sign-in HTTP/1.1" 202 468 "-" "PostmanRuntime/7.43.0"
2024-12-30 23:00:11 [INFO]: Successfully connected to the database...
2024-12-30 23:00:11 [INFO]: Server is running on port 3000...
2024-12-30 23:01:22 [INFO]: Successfully connected to the database...
2024-12-30 23:01:22 [INFO]: Server is running on port 3000...
2024-12-30 23:01:35 [INFO]: Successfully connected to the database...
2024-12-30 23:01:35 [INFO]: Server is running on port 3000...
2024-12-30 23:01:45 [INFO]: Successfully connected to the database...
2024-12-30 23:01:45 [INFO]: Server is running on port 3000...
2024-12-30 23:01:46 [ERROR]: => "/api/v1/auth/setup-pin" use method: "PATCH", unexprected error:
2024-12-30 23:01:46 [INFO]: ::1 - - [30/Dec/2024:16:01:46 +0000] "PATCH /api/v1/auth/setup-pin HTTP/1.1" 500 262 "-" "PostmanRuntime/7.43.0"
2024-12-30 23:05:01 [INFO]: Successfully connected to the database...
2024-12-30 23:05:01 [INFO]: Server is running on port 3000...
2024-12-30 23:05:11 [INFO]: Successfully connected to the database...
2024-12-30 23:05:11 [INFO]: Server is running on port 3000...
2024-12-30 23:05:14 [INFO]: ::1 - - [30/Dec/2024:16:05:14 +0000] "PATCH /api/v1/auth/setup-pin HTTP/1.1" 200 968 "-" "PostmanRuntime/7.43.0"
2024-12-30 23:06:33 [INFO]: Successfully connected to the database...
2024-12-30 23:06:33 [INFO]: Server is running on port 3000...
2024-12-30 23:06:34 [ERROR]: => "/api/v1/auth/setup-pin" use method: "PATCH", unexprected error:
2024-12-30 23:06:34 [INFO]: ::1 - - [30/Dec/2024:16:06:34 +0000] "PATCH /api/v1/auth/setup-pin HTTP/1.1" 401 85 "-" "PostmanRuntime/7.43.0"
2024-12-30 23:07:24 [INFO]: Successfully connected to the database...
2024-12-30 23:07:24 [INFO]: Server is running on port 3000...
2024-12-30 23:07:34 [ERROR]: => "/api/v1/auth/setup-pin" use method: "PATCH", unexprected error:
2024-12-30 23:07:34 [INFO]: ::1 - - [30/Dec/2024:16:07:34 +0000] "PATCH /api/v1/auth/setup-pin HTTP/1.1" 409 85 "-" "PostmanRuntime/7.43.0"
2024-12-30 23:08:46 [INFO]: Successfully connected to the database...
2024-12-30 23:08:46 [INFO]: Server is running on port 3000...
2024-12-30 23:08:51 [INFO]: ::1 - - [30/Dec/2024:16:08:51 +0000] "PATCH /api/v1/auth/setup-pin HTTP/1.1" 202 968 "-" "PostmanRuntime/7.43.0"
2024-12-30 23:09:25 [INFO]: [AUTH] Generated OTP: 822161 for user mahendradwipurwanto@gmail.com
2024-12-30 23:09:27 [INFO]: [MAILER] Email sent: <9262a640-24af-4e54-8196-de6bc9663537@ngodingin.org>
2024-12-30 23:09:27 [INFO]: ::1 - - [30/Dec/2024:16:09:27 +0000] "POST /api/v1/auth/sign-in HTTP/1.1" 200 419 "-" "PostmanRuntime/7.43.0"
2024-12-30 23:11:11 [INFO]: Successfully connected to the database...
2024-12-30 23:11:11 [INFO]: Server is running on port 3000...
2024-12-30 23:11:18 [INFO]: ::1 - - [30/Dec/2024:16:11:18 +0000] "POST /api/v1/auth/sign-in HTTP/1.1" 200 942 "-" "PostmanRuntime/7.43.0"
2024-12-30 23:11:29 [ERROR]: => "/api/v1/auth/sign-up" use method: "POST", unexprected error:
2024-12-30 23:11:29 [INFO]: ::1 - - [30/Dec/2024:16:11:29 +0000] "POST /api/v1/auth/sign-up HTTP/1.1" 400 77 "-" "PostmanRuntime/7.43.0"
2024-12-30 23:11:44 [INFO]: ::1 - - [30/Dec/2024:16:11:44 +0000] "POST /api/v1/auth/sign-in HTTP/1.1" 200 942 "-" "PostmanRuntime/7.43.0"
2024-12-30 23:12:07 [ERROR]: => "/api/v1/auth/sign-in" use method: "POST", unexprected error:
2024-12-30 23:12:07 [INFO]: ::1 - - [30/Dec/2024:16:12:07 +0000] "POST /api/v1/auth/sign-in HTTP/1.1" 401 83 "-" "PostmanRuntime/7.43.0"
2024-12-30 23:12:45 [INFO]: ::1 - - [30/Dec/2024:16:12:45 +0000] "POST /api/v1/auth/sign-in HTTP/1.1" 202 468 "-" "PostmanRuntime/7.43.0"
2024-12-30 23:18:06 [INFO]: Successfully connected to the database...
2024-12-30 23:18:06 [INFO]: Server is running on port 3000...
2024-12-30 23:18:17 [INFO]: Successfully connected to the database...
2024-12-30 23:18:17 [INFO]: Server is running on port 3000...
2024-12-30 23:18:43 [INFO]: Successfully connected to the database...
2024-12-30 23:18:43 [INFO]: Server is running on port 3000...
2024-12-30 23:18:54 [INFO]: Successfully connected to the database...
2024-12-30 23:18:54 [INFO]: Server is running on port 3000...
2024-12-30 23:18:59 [INFO]: Successfully connected to the database...
2024-12-30 23:18:59 [INFO]: Server is running on port 3000...
2024-12-30 23:19:01 [ERROR]: => "/api/v1/auth/sign-up" use method: "POST", unexprected error:
2024-12-30 23:19:01 [INFO]: ::1 - - [30/Dec/2024:16:19:01 +0000] "POST /api/v1/auth/sign-up HTTP/1.1" 500 120 "-" "PostmanRuntime/7.43.0"
2024-12-30 23:19:35 [INFO]: Successfully connected to the database...
2024-12-30 23:19:35 [INFO]: Server is running on port 3000...
2024-12-30 23:21:16 [INFO]: Successfully connected to the database...
2024-12-30 23:21:16 [INFO]: Server is running on port 3000...
2024-12-30 23:21:42 [INFO]: Successfully connected to the database...
2024-12-30 23:21:42 [INFO]: Server is running on port 3000...
2024-12-30 23:21:47 [INFO]: Successfully connected to the database...
2024-12-30 23:21:47 [INFO]: Server is running on port 3000...
2024-12-30 23:21:48 [ERROR]: => "/api/v1/auth/sign-up" use method: "POST", unexprected error:
2024-12-30 23:21:48 [INFO]: ::1 - - [30/Dec/2024:16:21:48 +0000] "POST /api/v1/auth/sign-up HTTP/1.1" 400 77 "-" "PostmanRuntime/7.43.0"
2024-12-30 23:22:04 [INFO]: Successfully connected to the database...
2024-12-30 23:22:04 [INFO]: Server is running on port 3000...
2024-12-30 23:23:13 [INFO]: Successfully connected to the database...
2024-12-30 23:23:13 [INFO]: Server is running on port 3000...
2024-12-30 23:23:28 [INFO]: Successfully connected to the database...
2024-12-30 23:23:28 [INFO]: Server is running on port 3000...
2024-12-30 23:24:14 [INFO]: Successfully connected to the database...
2024-12-30 23:24:14 [INFO]: Server is running on port 3000...
2024-12-30 23:24:15 [ERROR]: => "/api/v1/auth/sign-up" use method: "POST", unexprected error:
2024-12-30 23:24:15 [INFO]: ::1 - - [30/Dec/2024:16:24:15 +0000] "POST /api/v1/auth/sign-up HTTP/1.1" 500 124 "-" "PostmanRuntime/7.43.0"
2024-12-30 23:24:51 [INFO]: Successfully connected to the database...
2024-12-30 23:24:51 [INFO]: Server is running on port 3000...
2024-12-30 23:24:52 [ERROR]: => "/api/v1/auth/sign-up" use method: "POST", unexprected error:
2024-12-30 23:24:52 [INFO]: ::1 - - [30/Dec/2024:16:24:52 +0000] "POST /api/v1/auth/sign-up HTTP/1.1" 400 78 "-" "PostmanRuntime/7.43.0"
2024-12-30 23:25:00 [INFO]: Successfully connected to the database...
2024-12-30 23:25:00 [INFO]: Server is running on port 3000...
2024-12-30 23:25:16 [INFO]: Successfully connected to the database...
2024-12-30 23:25:16 [INFO]: Server is running on port 3000...
2024-12-30 23:25:16 [ERROR]: => "/api/v1/auth/sign-up" use method: "POST", unexprected error:
2024-12-30 23:25:16 [INFO]: ::1 - - [30/Dec/2024:16:25:16 +0000] "POST /api/v1/auth/sign-up HTTP/1.1" 400 78 "-" "PostmanRuntime/7.43.0"
2024-12-30 23:26:22 [INFO]: Successfully connected to the database...
2024-12-30 23:26:22 [INFO]: Server is running on port 3000...
2024-12-30 23:26:24 [ERROR]: => "/api/v1/auth/sign-up" use method: "POST", unexprected error:
2024-12-30 23:26:24 [INFO]: ::1 - - [30/Dec/2024:16:26:24 +0000] "POST /api/v1/auth/sign-up HTTP/1.1" 400 78 "-" "PostmanRuntime/7.43.0"
2024-12-30 23:26:49 [INFO]: Successfully connected to the database...
2024-12-30 23:26:49 [INFO]: Server is running on port 3000...
2024-12-30 23:26:50 [ERROR]: => "/api/v1/auth/sign-up" use method: "POST", unexprected error:
2024-12-30 23:26:50 [INFO]: ::1 - - [30/Dec/2024:16:26:50 +0000] "POST /api/v1/auth/sign-up HTTP/1.1" 400 78 "-" "PostmanRuntime/7.43.0"
2024-12-30 23:27:02 [INFO]: Successfully connected to the database...
2024-12-30 23:27:02 [INFO]: Server is running on port 3000...
2024-12-30 23:27:03 [ERROR]: => "/api/v1/auth/sign-up" use method: "POST", unexprected error:
2024-12-30 23:27:03 [INFO]: ::1 - - [30/Dec/2024:16:27:03 +0000] "POST /api/v1/auth/sign-up HTTP/1.1" 400 78 "-" "PostmanRuntime/7.43.0"
2024-12-30 23:27:43 [INFO]: Successfully connected to the database...
2024-12-30 23:27:43 [INFO]: Server is running on port 3000...
2024-12-30 23:27:44 [ERROR]: => "/api/v1/auth/sign-up" use method: "POST", unexprected error:
2024-12-30 23:27:44 [INFO]: ::1 - - [30/Dec/2024:16:27:44 +0000] "POST /api/v1/auth/sign-up HTTP/1.1" 400 78 "-" "PostmanRuntime/7.43.0"
2024-12-30 23:29:38 [INFO]: Successfully connected to the database...
2024-12-30 23:29:38 [INFO]: Server is running on port 3000...
2024-12-30 23:29:39 [ERROR]: => "/api/v1/auth/sign-up" use method: "POST", unexprected error:
2024-12-30 23:29:39 [INFO]: ::1 - - [30/Dec/2024:16:29:39 +0000] "POST /api/v1/auth/sign-up HTTP/1.1" 400 78 "-" "PostmanRuntime/7.43.0"
2024-12-30 23:30:09 [INFO]: Successfully connected to the database...
2024-12-30 23:30:09 [INFO]: Server is running on port 3000...
2024-12-30 23:30:24 [INFO]: Successfully connected to the database...
2024-12-30 23:30:24 [INFO]: Server is running on port 3000...
2024-12-30 23:30:25 [ERROR]: => "/api/v1/auth/sign-up" use method: "POST", unexprected error:
2024-12-30 23:30:25 [INFO]: ::1 - - [30/Dec/2024:16:30:25 +0000] "POST /api/v1/auth/sign-up HTTP/1.1" 400 78 "-" "PostmanRuntime/7.43.0"
2024-12-30 23:31:30 [INFO]: Successfully connected to the database...
2024-12-30 23:31:30 [INFO]: Server is running on port 3000...
2024-12-30 23:31:30 [ERROR]: => "/api/v1/auth/sign-up" use method: "POST", unexprected error:
2024-12-30 23:31:30 [INFO]: ::1 - - [30/Dec/2024:16:31:30 +0000] "POST /api/v1/auth/sign-up HTTP/1.1" 400 78 "-" "PostmanRuntime/7.43.0"
2024-12-30 23:32:05 [INFO]: Successfully connected to the database...
2024-12-30 23:32:05 [INFO]: Server is running on port 3000...
2024-12-30 23:33:12 [INFO]: Successfully connected to the database...
2024-12-30 23:33:12 [INFO]: Server is running on port 3000...
2024-12-30 23:33:13 [ERROR]: => "/api/v1/auth/sign-up" use method: "POST", unexprected error:
2024-12-30 23:33:13 [INFO]: ::1 - - [30/Dec/2024:16:33:13 +0000] "POST /api/v1/auth/sign-up HTTP/1.1" 400 78 "-" "PostmanRuntime/7.43.0"
2024-12-30 23:33:35 [INFO]: Successfully connected to the database...
2024-12-30 23:33:35 [INFO]: Server is running on port 3000...
2024-12-30 23:33:35 [ERROR]: => "/api/v1/auth/sign-up" use method: "POST", unexprected error:
2024-12-30 23:33:35 [INFO]: ::1 - - [30/Dec/2024:16:33:35 +0000] "POST /api/v1/auth/sign-up HTTP/1.1" 400 78 "-" "PostmanRuntime/7.43.0"
2024-12-30 23:34:00 [INFO]: Successfully connected to the database...
2024-12-30 23:34:00 [INFO]: Server is running on port 3000...
2024-12-30 23:34:02 [ERROR]: => "/api/v1/auth/sign-up" use method: "POST", unexprected error:
2024-12-30 23:34:02 [INFO]: ::1 - - [30/Dec/2024:16:34:02 +0000] "POST /api/v1/auth/sign-up HTTP/1.1" 400 78 "-" "PostmanRuntime/7.43.0"
2024-12-30 23:35:02 [INFO]: Successfully connected to the database...
2024-12-30 23:35:02 [INFO]: Server is running on port 3000...
2024-12-30 23:35:02 [ERROR]: => "/api/v1/auth/sign-up" use method: "POST", unexprected error:
2024-12-30 23:35:02 [INFO]: ::1 - - [30/Dec/2024:16:35:02 +0000] "POST /api/v1/auth/sign-up HTTP/1.1" 400 78 "-" "PostmanRuntime/7.43.0"
2024-12-30 23:35:45 [INFO]: Successfully connected to the database...
2024-12-30 23:35:45 [INFO]: Server is running on port 3000...
2024-12-30 23:35:46 [ERROR]: => "/api/v1/auth/sign-up" use method: "POST", unexprected error:
2024-12-30 23:35:46 [INFO]: ::1 - - [30/Dec/2024:16:35:46 +0000] "POST /api/v1/auth/sign-up HTTP/1.1" 400 78 "-" "PostmanRuntime/7.43.0"
2024-12-30 23:36:39 [INFO]: Successfully connected to the database...
2024-12-30 23:36:39 [INFO]: Server is running on port 3000...
2024-12-30 23:36:40 [ERROR]: => "/api/v1/auth/sign-up" use method: "POST", unexprected error:
2024-12-30 23:36:40 [INFO]: ::1 - - [30/Dec/2024:16:36:40 +0000] "POST /api/v1/auth/sign-up HTTP/1.1" 400 78 "-" "PostmanRuntime/7.43.0"
2024-12-30 23:36:59 [INFO]: Successfully connected to the database...
2024-12-30 23:36:59 [INFO]: Server is running on port 3000...
2024-12-30 23:37:00 [ERROR]: => "/api/v1/auth/sign-up" use method: "POST", unexprected error:
2024-12-30 23:37:00 [INFO]: ::1 - - [30/Dec/2024:16:37:00 +0000] "POST /api/v1/auth/sign-up HTTP/1.1" 400 78 "-" "PostmanRuntime/7.43.0"
2024-12-30 23:37:13 [INFO]: Successfully connected to the database...
2024-12-30 23:37:13 [INFO]: Server is running on port 3000...
2024-12-30 23:37:14 [ERROR]: => "/api/v1/auth/sign-up" use method: "POST", unexprected error:
2024-12-30 23:37:14 [INFO]: ::1 - - [30/Dec/2024:16:37:14 +0000] "POST /api/v1/auth/sign-up HTTP/1.1" 400 78 "-" "PostmanRuntime/7.43.0"
2024-12-30 23:38:02 [INFO]: Successfully connected to the database...
2024-12-30 23:38:02 [INFO]: Server is running on port 3000...
2024-12-30 23:38:05 [ERROR]: => "/api/v1/auth/sign-up" use method: "POST", unexprected error:
2024-12-30 23:38:05 [INFO]: ::1 - - [30/Dec/2024:16:38:05 +0000] "POST /api/v1/auth/sign-up HTTP/1.1" 400 78 "-" "PostmanRuntime/7.43.0"
2024-12-30 23:38:43 [INFO]: Successfully connected to the database...
2024-12-30 23:38:43 [INFO]: Server is running on port 3000...
2024-12-30 23:38:44 [ERROR]: => "/api/v1/auth/sign-up" use method: "POST", unexprected error:
2024-12-30 23:38:44 [INFO]: ::1 - - [30/Dec/2024:16:38:44 +0000] "POST /api/v1/auth/sign-up HTTP/1.1" 400 78 "-" "PostmanRuntime/7.43.0"
2024-12-30 23:39:28 [INFO]: Successfully connected to the database...
2024-12-30 23:39:28 [INFO]: Server is running on port 3000...
2024-12-30 23:39:28 [ERROR]: => "/api/v1/auth/sign-up" use method: "POST", unexprected error:
2024-12-30 23:39:28 [INFO]: ::1 - - [30/Dec/2024:16:39:28 +0000] "POST /api/v1/auth/sign-up HTTP/1.1" 400 78 "-" "PostmanRuntime/7.43.0"
2024-12-30 23:40:00 [INFO]: Successfully connected to the database...
2024-12-30 23:40:00 [INFO]: Server is running on port 3000...
2024-12-30 23:40:01 [ERROR]: => "/api/v1/auth/sign-up" use method: "POST", unexprected error:
2024-12-30 23:40:01 [INFO]: ::1 - - [30/Dec/2024:16:40:01 +0000] "POST /api/v1/auth/sign-up HTTP/1.1" 400 78 "-" "PostmanRuntime/7.43.0"
2024-12-30 23:40:26 [INFO]: Successfully connected to the database...
2024-12-30 23:40:26 [INFO]: Server is running on port 3000...
2024-12-30 23:40:27 [ERROR]: => "/api/v1/auth/sign-up" use method: "POST", unexprected error:
2024-12-30 23:40:27 [INFO]: ::1 - - [30/Dec/2024:16:40:27 +0000] "POST /api/v1/auth/sign-up HTTP/1.1" 400 78 "-" "PostmanRuntime/7.43.0"
2024-12-30 23:41:04 [INFO]: Successfully connected to the database...
2024-12-30 23:41:04 [INFO]: Server is running on port 3000...
2024-12-30 23:41:12 [INFO]: Successfully connected to the database...
2024-12-30 23:41:12 [INFO]: Server is running on port 3000...
2024-12-30 23:41:13 [ERROR]: => "/api/v1/auth/sign-up" use method: "POST", unexprected error:
2024-12-30 23:41:13 [INFO]: ::1 - - [30/Dec/2024:16:41:13 +0000] "POST /api/v1/auth/sign-up HTTP/1.1" 400 78 "-" "PostmanRuntime/7.43.0"
2024-12-30 23:41:26 [INFO]: Successfully connected to the database...
2024-12-30 23:41:26 [INFO]: Server is running on port 3000...
2024-12-30 23:41:27 [ERROR]: => "/api/v1/auth/sign-up" use method: "POST", unexprected error:
2024-12-30 23:41:27 [INFO]: ::1 - - [30/Dec/2024:16:41:27 +0000] "POST /api/v1/auth/sign-up HTTP/1.1" 400 78 "-" "PostmanRuntime/7.43.0"
2024-12-30 23:41:31 [ERROR]: => "/api/v1/auth/sign-up" use method: "POST", unexprected error:
2024-12-30 23:41:31 [INFO]: ::1 - - [30/Dec/2024:16:41:31 +0000] "POST /api/v1/auth/sign-up HTTP/1.1" 400 78 "-" "PostmanRuntime/7.43.0"
2024-12-30 23:42:19 [INFO]: Successfully connected to the database...
2024-12-30 23:42:19 [INFO]: Server is running on port 3000...
2024-12-30 23:42:21 [ERROR]: => "/api/v1/auth/sign-up" use method: "POST", unexprected error:
2024-12-30 23:42:21 [INFO]: ::1 - - [30/Dec/2024:16:42:21 +0000] "POST /api/v1/auth/sign-up HTTP/1.1" 400 78 "-" "PostmanRuntime/7.43.0"
2024-12-30 23:43:07 [INFO]: Successfully connected to the database...
2024-12-30 23:43:07 [INFO]: Server is running on port 3000...
2024-12-30 23:43:08 [ERROR]: => "/api/v1/auth/sign-up" use method: "POST", unexprected error:
2024-12-30 23:43:08 [INFO]: ::1 - - [30/Dec/2024:16:43:08 +0000] "POST /api/v1/auth/sign-up HTTP/1.1" 400 78 "-" "PostmanRuntime/7.43.0"
2024-12-30 23:43:34 [INFO]: Successfully connected to the database...
2024-12-30 23:43:34 [INFO]: Server is running on port 3000...
2024-12-30 23:43:35 [ERROR]: => "/api/v1/auth/sign-up" use method: "POST", unexprected error:
2024-12-30 23:43:35 [INFO]: ::1 - - [30/Dec/2024:16:43:35 +0000] "POST /api/v1/auth/sign-up HTTP/1.1" 400 78 "-" "PostmanRuntime/7.43.0"
2024-12-30 23:44:05 [INFO]: Successfully connected to the database...
2024-12-30 23:44:05 [INFO]: Server is running on port 3000...
2024-12-30 23:44:52 [ERROR]: => "/api/v1/auth/sign-up" use method: "POST", unexprected error:
2024-12-30 23:44:52 [INFO]: ::1 - - [30/Dec/2024:16:44:52 +0000] "POST /api/v1/auth/sign-up HTTP/1.1" 400 79 "-" "PostmanRuntime/7.43.0"
2024-12-30 23:46:41 [INFO]: Successfully connected to the database...
2024-12-30 23:46:41 [INFO]: Server is running on port 3000...
2024-12-30 23:46:41 [ERROR]: => "/api/v1/auth/sign-up" use method: "POST", unexprected error:
2024-12-30 23:46:41 [INFO]: ::1 - - [30/Dec/2024:16:46:41 +0000] "POST /api/v1/auth/sign-up HTTP/1.1" 400 79 "-" "PostmanRuntime/7.43.0"
2024-12-30 23:46:46 [ERROR]: => "/api/v1/auth/sign-up" use method: "POST", unexprected error:
2024-12-30 23:46:46 [INFO]: ::1 - - [30/Dec/2024:16:46:46 +0000] "POST /api/v1/auth/sign-up HTTP/1.1" 400 78 "-" "PostmanRuntime/7.43.0"
2024-12-30 23:47:03 [INFO]: Successfully connected to the database...
2024-12-30 23:47:03 [INFO]: Server is running on port 3000...
2024-12-30 23:47:10 [ERROR]: => "/api/v1/auth/sign-up" use method: "POST", unexprected error:
2024-12-30 23:47:10 [INFO]: ::1 - - [30/Dec/2024:16:47:10 +0000] "POST /api/v1/auth/sign-up HTTP/1.1" 400 78 "-" "PostmanRuntime/7.43.0"
2024-12-30 23:47:31 [INFO]: Successfully connected to the database...
2024-12-30 23:47:31 [INFO]: Server is running on port 3000...
2024-12-30 23:47:32 [ERROR]: => "/api/v1/auth/sign-up" use method: "POST", unexprected error:
2024-12-30 23:47:32 [INFO]: ::1 - - [30/Dec/2024:16:47:32 +0000] "POST /api/v1/auth/sign-up HTTP/1.1" 400 78 "-" "PostmanRuntime/7.43.0"
2024-12-30 23:47:53 [INFO]: Successfully connected to the database...
2024-12-30 23:47:54 [INFO]: Server is running on port 3000...
2024-12-30 23:47:54 [ERROR]: => "/api/v1/auth/sign-up" use method: "POST", unexprected error:
2024-12-30 23:47:54 [INFO]: ::1 - - [30/Dec/2024:16:47:54 +0000] "POST /api/v1/auth/sign-up HTTP/1.1" 400 78 "-" "PostmanRuntime/7.43.0"
2024-12-30 23:48:11 [INFO]: Successfully connected to the database...
2024-12-30 23:48:11 [INFO]: Server is running on port 3000...
2024-12-30 23:48:19 [INFO]: Successfully connected to the database...
2024-12-30 23:48:19 [INFO]: Server is running on port 3000...
2024-12-30 23:48:20 [ERROR]: => "/api/v1/auth/sign-up" use method: "POST", unexprected error:
2024-12-30 23:48:20 [INFO]: ::1 - - [30/Dec/2024:16:48:20 +0000] "POST /api/v1/auth/sign-up HTTP/1.1" 400 78 "-" "PostmanRuntime/7.43.0"
2024-12-30 23:49:27 [INFO]: Successfully connected to the database...
2024-12-30 23:49:27 [INFO]: Server is running on port 3000...
2024-12-30 23:49:30 [ERROR]: => "/api/v1/auth/sign-up" use method: "POST", unexprected error:
2024-12-30 23:49:30 [INFO]: ::1 - - [30/Dec/2024:16:49:30 +0000] "POST /api/v1/auth/sign-up HTTP/1.1" 400 78 "-" "PostmanRuntime/7.43.0"
2024-12-30 23:49:37 [ERROR]: => "/api/v1/auth/sign-up" use method: "POST", unexprected error:
2024-12-30 23:49:37 [INFO]: ::1 - - [30/Dec/2024:16:49:37 +0000] "POST /api/v1/auth/sign-up HTTP/1.1" 400 78 "-" "PostmanRuntime/7.43.0"
2024-12-30 23:49:54 [INFO]: Successfully connected to the database...
2024-12-30 23:49:54 [INFO]: Server is running on port 3000...
2024-12-30 23:49:58 [INFO]: Successfully connected to the database...
2024-12-30 23:49:58 [INFO]: Server is running on port 3000...
2024-12-30 23:50:07 [ERROR]: => "/api/v1/auth/sign-up" use method: "POST", unexprected error:
2024-12-30 23:50:07 [INFO]: ::1 - - [30/Dec/2024:16:50:07 +0000] "POST /api/v1/auth/sign-up HTTP/1.1" 400 79 "-" "PostmanRuntime/7.43.0"
2024-12-30 23:50:19 [ERROR]: => "/api/v1/auth/sign-up" use method: "POST", unexprected error:
2024-12-30 23:50:19 [INFO]: ::1 - - [30/Dec/2024:16:50:19 +0000] "POST /api/v1/auth/sign-up HTTP/1.1" 400 78 "-" "PostmanRuntime/7.43.0"
2024-12-30 23:51:07 [INFO]: Successfully connected to the database...
2024-12-30 23:51:07 [INFO]: Server is running on port 3000...
2024-12-30 23:51:10 [ERROR]: => "/api/v1/auth/sign-up" use method: "POST", unexprected error:
2024-12-30 23:51:10 [INFO]: ::1 - - [30/Dec/2024:16:51:10 +0000] "POST /api/v1/auth/sign-up HTTP/1.1" 400 78 "-" "PostmanRuntime/7.43.0"
2024-12-30 23:51:37 [INFO]: Successfully connected to the database...
2024-12-30 23:51:37 [INFO]: Server is running on port 3000...
2024-12-30 23:51:37 [ERROR]: => "/api/v1/auth/sign-up" use method: "POST", unexprected error:
2024-12-30 23:51:37 [INFO]: ::1 - - [30/Dec/2024:16:51:37 +0000] "POST /api/v1/auth/sign-up HTTP/1.1" 400 78 "-" "PostmanRuntime/7.43.0"
2024-12-30 23:53:46 [INFO]: Successfully connected to the database...
2024-12-30 23:53:46 [INFO]: Server is running on port 3000...
2024-12-30 23:53:47 [ERROR]: => "/api/v1/auth/sign-up" use method: "POST", unexprected error:
2024-12-30 23:53:47 [INFO]: ::1 - - [30/Dec/2024:16:53:47 +0000] "POST /api/v1/auth/sign-up HTTP/1.1" 400 78 "-" "PostmanRuntime/7.43.0"
2024-12-30 23:54:17 [INFO]: Successfully connected to the database...
2024-12-30 23:54:17 [INFO]: Server is running on port 3000...
2024-12-30 23:54:17 [ERROR]: => "/api/v1/auth/sign-up" use method: "POST", unexprected error:
2024-12-30 23:54:17 [INFO]: ::1 - - [30/Dec/2024:16:54:17 +0000] "POST /api/v1/auth/sign-up HTTP/1.1" 400 78 "-" "PostmanRuntime/7.43.0"
2024-12-30 23:54:28 [INFO]: Successfully connected to the database...
2024-12-30 23:54:28 [INFO]: Server is running on port 3000...
2024-12-30 23:54:31 [ERROR]: => "/api/v1/auth/sign-up" use method: "POST", unexprected error:
2024-12-30 23:54:31 [INFO]: ::1 - - [30/Dec/2024:16:54:31 +0000] "POST /api/v1/auth/sign-up HTTP/1.1" 400 78 "-" "PostmanRuntime/7.43.0"
2024-12-30 23:54:48 [INFO]: Successfully connected to the database...
2024-12-30 23:54:48 [INFO]: Server is running on port 3000...
2024-12-30 23:54:48 [ERROR]: => "/api/v1/auth/sign-up" use method: "POST", unexprected error:
2024-12-30 23:54:48 [INFO]: ::1 - - [30/Dec/2024:16:54:48 +0000] "POST /api/v1/auth/sign-up HTTP/1.1" 400 78 "-" "PostmanRuntime/7.43.0"
2024-12-30 23:55:06 [INFO]: Successfully connected to the database...
2024-12-30 23:55:06 [INFO]: Server is running on port 3000...
2024-12-30 23:55:06 [ERROR]: => "/api/v1/auth/sign-up" use method: "POST", unexprected error:
2024-12-30 23:55:06 [INFO]: ::1 - - [30/Dec/2024:16:55:06 +0000] "POST /api/v1/auth/sign-up HTTP/1.1" 400 78 "-" "PostmanRuntime/7.43.0"
2024-12-30 23:55:43 [INFO]: Successfully connected to the database...
2024-12-30 23:55:43 [INFO]: Server is running on port 3000...
2024-12-30 23:56:08 [INFO]: Successfully connected to the database...
2024-12-30 23:56:08 [INFO]: Server is running on port 3000...
2024-12-30 23:56:09 [ERROR]: => "/api/v1/auth/sign-up" use method: "POST", unexprected error:
2024-12-30 23:56:09 [INFO]: ::1 - - [30/Dec/2024:16:56:09 +0000] "POST /api/v1/auth/sign-up HTTP/1.1" 400 78 "-" "PostmanRuntime/7.43.0"
2024-12-30 23:56:28 [INFO]: Successfully connected to the database...
2024-12-30 23:56:28 [INFO]: Server is running on port 3000...
2024-12-30 23:56:28 [ERROR]: => "/api/v1/auth/sign-up" use method: "POST", unexprected error:
2024-12-30 23:56:28 [INFO]: ::1 - - [30/Dec/2024:16:56:28 +0000] "POST /api/v1/auth/sign-up HTTP/1.1" 400 78 "-" "PostmanRuntime/7.43.0"
2024-12-30 23:56:42 [INFO]: Successfully connected to the database...
2024-12-30 23:56:42 [INFO]: Server is running on port 3000...
2024-12-30 23:56:43 [ERROR]: => "/api/v1/auth/sign-up" use method: "POST", unexprected error:
2024-12-30 23:56:43 [INFO]: ::1 - - [30/Dec/2024:16:56:43 +0000] "POST /api/v1/auth/sign-up HTTP/1.1" 400 78 "-" "PostmanRuntime/7.43.0"
2024-12-30 23:57:19 [INFO]: Successfully connected to the database...
2024-12-30 23:57:19 [INFO]: Server is running on port 3000...
2024-12-30 23:57:20 [ERROR]: => "/api/v1/auth/sign-up" use method: "POST", unexprected error:
2024-12-30 23:57:20 [INFO]: ::1 - - [30/Dec/2024:16:57:20 +0000] "POST /api/v1/auth/sign-up HTTP/1.1" 400 78 "-" "PostmanRuntime/7.43.0"
2024-12-30 23:58:21 [INFO]: Successfully connected to the database...
2024-12-30 23:58:21 [INFO]: Server is running on port 3000...
2024-12-30 23:58:22 [ERROR]: => "/api/v1/auth/sign-up" use method: "POST", unexprected error:
2024-12-30 23:58:22 [INFO]: ::1 - - [30/Dec/2024:16:58:22 +0000] "POST /api/v1/auth/sign-up HTTP/1.1" 400 79 "-" "PostmanRuntime/7.43.0"
2024-12-30 23:58:28 [ERROR]: => "/api/v1/auth/sign-up" use method: "POST", unexprected error:
2024-12-30 23:58:28 [INFO]: ::1 - - [30/Dec/2024:16:58:28 +0000] "POST /api/v1/auth/sign-up HTTP/1.1" 400 79 "-" "PostmanRuntime/7.43.0"
